#-----------------------------------------------------------
# Vivado v2019.1 (64-bit)
# SW Build 2552052 on Fri May 24 14:49:42 MDT 2019
# IP Build 2548770 on Fri May 24 18:01:18 MDT 2019
# Start of session at: Mon Mar  9 21:10:33 2020
# Process ID: 12148
# Current directory: C:/Users/Rahul/Google Drive/UCSC/year 2/Winter Quarter/CSE 100/Lab 7/project_almostdone
# Command line: vivado.exe -gui_launcher_event rodinguilauncherevent15124 C:\Users\Rahul\Google Drive\UCSC\year 2\Winter Quarter\CSE 100\Lab 7\project_almostdone\project_almostdone.xpr
# Log file: C:/Users/Rahul/Google Drive/UCSC/year 2/Winter Quarter/CSE 100/Lab 7/project_almostdone/vivado.log
# Journal file: C:/Users/Rahul/Google Drive/UCSC/year 2/Winter Quarter/CSE 100/Lab 7/project_almostdone\vivado.jou
#-----------------------------------------------------------
start_gui
open_project {C:/Users/Rahul/Google Drive/UCSC/year 2/Winter Quarter/CSE 100/Lab 7/project_almostdone/project_almostdone.xpr}
INFO: [ProjectBase 1-489] The host OS only allows 260 characters in a normal path. The project is stored in a path with more than 80 characters. If you experience issues with IP, Block Designs, or files not being found, please consider moving the project to a location with a shorter path. Alternately consider using the OS subst command to map part of the path to a drive letter.
Current project path is 'C:/Users/Rahul/Google Drive/UCSC/year 2/Winter Quarter/CSE 100/Lab 7/project_almostdone'
Scanning sources...
Finished scanning sources
INFO: [IP_Flow 19-234] Refreshing IP repositories
INFO: [IP_Flow 19-1704] No user IP repositories specified
INFO: [IP_Flow 19-2313] Loaded Vivado IP repository 'C:/Xilinx/Vivado/2019.1/data/ip'.
open_project: Time (s): cpu = 00:00:11 ; elapsed = 00:00:07 . Memory (MB): peak = 740.680 ; gain = 134.703
update_compile_order -fileset sources_1
archive_project {C:/Users/Rahul/Google Drive/UCSC/year 2/Winter Quarter/CSE 100/Lab 7/lab7complete.xpr.zip} -temp_dir {C:/Users/Rahul/Google Drive/UCSC/year 2/Winter Quarter/CSE 100/Lab 7/project_almostdone/.Xil/Vivado-12148-DESKTOP-AN2HNRA} -force -include_local_ip_cache
INFO: [Coretcl 2-137] starting archive...
INFO: [Coretcl 2-1499] Saving project copy to temporary location 'C:/Users/Rahul/Google Drive/UCSC/year 2/Winter Quarter/CSE 100/Lab 7/project_almostdone/.Xil/Vivado-12148-DESKTOP-AN2HNRA' for archiving project
INFO: [ProjectBase 1-489] The host OS only allows 260 characters in a normal path. The project is stored in a path with more than 80 characters. If you experience issues with IP, Block Designs, or files not being found, please consider moving the project to a location with a shorter path. Alternately consider using the OS subst command to map part of the path to a drive letter.
Current project path is 'C:/Users/Rahul/Google Drive/UCSC/year 2/Winter Quarter/CSE 100/Lab 7/project_almostdone'
Scanning sources...
Finished scanning sources
INFO: [Coretcl 2-1211] Creating project copy for archival...
INFO: [ProjectBase 1-495] The host OS only allows 260 characters in a normal path. The project is stored in a path with more than 80 characters. If you experience any problem with archiving the project, please consider setting environment variable $TEMP to a shorter path.
Current project path is 'C:/Users/Rahul/Google Drive/UCSC/year 2/Winter Quarter/CSE 100/Lab 7/project_almostdone/.Xil/Vivado-12148-DESKTOP-AN2HNRA/PrjAr/_X_'.
INFO: [Coretcl 2-1213] Including run results for 'synth_1'
INFO: [Coretcl 2-1213] Including run results for 'impl_1'
INFO: [Coretcl 2-1209] Adding archive summary file to the project...
INFO: [Coretcl 2-1214] Preparing project files for archive...
ERROR: [Common 17-680] Path length exceeds 248-Byte maximum allowed by Windows: C:/Users/Rahul/Google Drive/UCSC/year 2/Winter Quarter/CSE 100/Lab 7/project_almostdone/.Xil/Vivado-12148-DESKTOP-AN2HNRA/PrjAr/project_almostdone/project_almostdone.srcs/sources_1/imports/CSE 100/Lab 5/project_test/project_test.srcs/sources_1/imports
Please consider using the OS subst command to shorten the path length by mapping part of the path to a virtual drive letter. See Answer Record AR52787 for more information.
Resolution: In Windows 7 or later, the mklink command can also be used to create a symbolic link and shorten the path.
archive_project {C:/Users/Rahul/Google Drive/UCSC/year 2/Winter Quarter/CSE 100/Lab 7/lab7complete.xpr.zip} -temp_dir {C:/Users/Rahul/Google Drive/UCSC/year 2/Winter Quarter/CSE 100/Lab 7/project_almostdone/.Xil/Vivado-12148-DESKTOP-AN2HNRA} -force -include_local_ip_cache
INFO: [Coretcl 2-137] starting archive...
INFO: [Coretcl 2-1499] Saving project copy to temporary location 'C:/Users/Rahul/Google Drive/UCSC/year 2/Winter Quarter/CSE 100/Lab 7/project_almostdone/.Xil/Vivado-12148-DESKTOP-AN2HNRA' for archiving project
INFO: [ProjectBase 1-489] The host OS only allows 260 characters in a normal path. The project is stored in a path with more than 80 characters. If you experience issues with IP, Block Designs, or files not being found, please consider moving the project to a location with a shorter path. Alternately consider using the OS subst command to map part of the path to a drive letter.
Current project path is 'C:/Users/Rahul/Google Drive/UCSC/year 2/Winter Quarter/CSE 100/Lab 7/project_almostdone'
Scanning sources...
Finished scanning sources
INFO: [Coretcl 2-1211] Creating project copy for archival...
INFO: [ProjectBase 1-495] The host OS only allows 260 characters in a normal path. The project is stored in a path with more than 80 characters. If you experience any problem with archiving the project, please consider setting environment variable $TEMP to a shorter path.
Current project path is 'C:/Users/Rahul/Google Drive/UCSC/year 2/Winter Quarter/CSE 100/Lab 7/project_almostdone/.Xil/Vivado-12148-DESKTOP-AN2HNRA/PrjAr/_X_'.
INFO: [Coretcl 2-1213] Including run results for 'synth_1'
INFO: [Coretcl 2-1213] Including run results for 'impl_1'
INFO: [Coretcl 2-1209] Adding archive summary file to the project...
INFO: [Coretcl 2-1214] Preparing project files for archive...
ERROR: [Common 17-680] Path length exceeds 248-Byte maximum allowed by Windows: C:/Users/Rahul/Google Drive/UCSC/year 2/Winter Quarter/CSE 100/Lab 7/project_almostdone/.Xil/Vivado-12148-DESKTOP-AN2HNRA/PrjAr/project_almostdone/project_almostdone.srcs/sources_1/imports/CSE 100/Lab 5/project_test/project_test.srcs/sources_1/imports
Please consider using the OS subst command to shorten the path length by mapping part of the path to a virtual drive letter. See Answer Record AR52787 for more information.
Resolution: In Windows 7 or later, the mklink command can also be used to create a symbolic link and shorten the path.
update_files -from_files {{C:/Users/Rahul/Google Drive/UCSC/year 2/Winter Quarter/CSE 100/Lab 5/project_test/project_test.srcs/sources_1/imports/new/hex7seg.v}} -to_files {{C:/Users/Rahul/Google Drive/UCSC/year 2/Winter Quarter/CSE 100/Lab 7/project_almostdone/project_almostdone.srcs/sources_1/imports/CSE 100/Lab 5/project_test/project_test.srcs/sources_1/imports/new/hex7seg.v}} -filesets [get_filesets *]
INFO: [filemgmt 20-762] Replacing file 'C:/Users/Rahul/Google Drive/UCSC/year 2/Winter Quarter/CSE 100/Lab 7/project_almostdone/project_almostdone.srcs/sources_1/imports/CSE 100/Lab 5/project_test/project_test.srcs/sources_1/imports/new/hex7seg.v' with file 'C:/Users/Rahul/Google Drive/UCSC/year 2/Winter Quarter/CSE 100/Lab 5/project_test/project_test.srcs/sources_1/imports/new/hex7seg.v'.
INFO: [filemgmt 20-1080] Importing file from 'C:/Users/Rahul/Google Drive/UCSC/year 2/Winter Quarter/CSE 100/Lab 5/project_test/project_test.srcs/sources_1/imports/new/hex7seg.v' to 'C:/Users/Rahul/Google Drive/UCSC/year 2/Winter Quarter/CSE 100/Lab 7/project_almostdone/project_almostdone.srcs/sources_1/imports/CSE 100/Lab 5/project_test/project_test.srcs/sources_1/imports/new/hex7seg.v'.
ERROR: [filemgmt 20-1081] Replace file failure for imported file. Reimport failed. Error copying file locally: C:/Users/Rahul/Google Drive/UCSC/year 2/Winter Quarter/CSE 100/Lab 5/project_test/project_test.srcs/sources_1/imports/new/hex7seg.v
ERROR: [Common 17-39] 'update_files' failed due to earlier errors.
update_files -from_files {{C:/Users/Rahul/Google Drive/UCSC/year 2/Winter Quarter/CSE 100/Lab 5/project_test/project_test.srcs/sources_1/new/LFSR.v}} -to_files {{C:/Users/Rahul/Google Drive/UCSC/year 2/Winter Quarter/CSE 100/Lab 7/project_almostdone/project_almostdone.srcs/sources_1/imports/CSE 100/Lab 5/project_test/project_test.srcs/sources_1/new/LFSR.v}} -filesets [get_filesets *]
INFO: [filemgmt 20-762] Replacing file 'C:/Users/Rahul/Google Drive/UCSC/year 2/Winter Quarter/CSE 100/Lab 7/project_almostdone/project_almostdone.srcs/sources_1/imports/CSE 100/Lab 5/project_test/project_test.srcs/sources_1/new/LFSR.v' with file 'C:/Users/Rahul/Google Drive/UCSC/year 2/Winter Quarter/CSE 100/Lab 5/project_test/project_test.srcs/sources_1/new/LFSR.v'.
INFO: [filemgmt 20-1080] Importing file from 'C:/Users/Rahul/Google Drive/UCSC/year 2/Winter Quarter/CSE 100/Lab 5/project_test/project_test.srcs/sources_1/new/LFSR.v' to 'C:/Users/Rahul/Google Drive/UCSC/year 2/Winter Quarter/CSE 100/Lab 7/project_almostdone/project_almostdone.srcs/sources_1/imports/CSE 100/Lab 5/project_test/project_test.srcs/sources_1/new/LFSR.v'.
ERROR: [filemgmt 20-1081] Replace file failure for imported file. Reimport failed. Error copying file locally: C:/Users/Rahul/Google Drive/UCSC/year 2/Winter Quarter/CSE 100/Lab 5/project_test/project_test.srcs/sources_1/new/LFSR.v
ERROR: [Common 17-39] 'update_files' failed due to earlier errors.
add_files -norecurse {{C:/Users/Rahul/Google Drive/UCSC/year 2/Winter Quarter/CSE 100/Lab 7/project_almostdone/project_almostdone.srcs/sources_1/imports/CSE 100/Lab 5/ring_counter.v} {C:/Users/Rahul/Google Drive/UCSC/year 2/Winter Quarter/CSE 100/Lab 7/project_almostdone/project_almostdone.srcs/sources_1/imports/CSE 100/Lab 5/hex7seg.v} {C:/Users/Rahul/Google Drive/UCSC/year 2/Winter Quarter/CSE 100/Lab 7/project_almostdone/project_almostdone.srcs/sources_1/imports/CSE 100/Lab 5/LFSR.v} {C:/Users/Rahul/Google Drive/UCSC/year 2/Winter Quarter/CSE 100/Lab 7/project_almostdone/project_almostdone.srcs/sources_1/imports/CSE 100/Lab 5/Selector.v} {C:/Users/Rahul/Google Drive/UCSC/year 2/Winter Quarter/CSE 100/Lab 7/project_almostdone/project_almostdone.srcs/sources_1/imports/CSE 100/Lab 5/m8_1.v} {C:/Users/Rahul/Google Drive/UCSC/year 2/Winter Quarter/CSE 100/Lab 7/project_almostdone/project_almostdone.srcs/sources_1/imports/CSE 100/Lab 4/counterUD16L.v} {C:/Users/Rahul/Google Drive/UCSC/year 2/Winter Quarter/CSE 100/Lab 7/project_almostdone/project_almostdone.srcs/sources_1/imports/CSE 100/Lab 4/edge_detector.v}}
update_compile_order -fileset sources_1
import_files
INFO: [filemgmt 20-334] All file(s) are already imported in fileset: 'constrs_1'
INFO: [filemgmt 20-348] Importing the appropriate files for fileset: 'constrs_1'
INFO: [filemgmt 20-334] All file(s) are already imported in fileset: 'sim_1'
INFO: [filemgmt 20-348] Importing the appropriate files for fileset: 'sim_1'
INFO: [filemgmt 20-348] Importing the appropriate files for fileset: 'sources_1'
ERROR: [Common 17-680] Path length exceeds 248-Byte maximum allowed by Windows: C:/Users/Rahul/Google Drive/UCSC/year 2/Winter Quarter/CSE 100/Lab 7/project_almostdone/project_almostdone.srcs/sources_1/imports/CSE 100/Lab 6/project_1/project_1.srcs/sources_1/imports/CSE 100/Lab 5/project_test/project_test.srcs/sources_1/imports/new
Please consider using the OS subst command to shorten the path length by mapping part of the path to a virtual drive letter. See Answer Record AR52787 for more information.
Resolution: In Windows 7 or later, the mklink command can also be used to create a symbolic link and shorten the path.
import_files
INFO: [filemgmt 20-334] All file(s) are already imported in fileset: 'constrs_1'
INFO: [filemgmt 20-348] Importing the appropriate files for fileset: 'constrs_1'
INFO: [filemgmt 20-334] All file(s) are already imported in fileset: 'sim_1'
INFO: [filemgmt 20-348] Importing the appropriate files for fileset: 'sim_1'
INFO: [filemgmt 20-348] Importing the appropriate files for fileset: 'sources_1'
WARNING: [filemgmt 20-354] The following file(s) were not imported. Local copy of file(s) already exists:
C:/Users/Rahul/Google Drive/UCSC/year 2/Winter Quarter/CSE 100/Lab 6/project_1/project_1.srcs/sources_1/imports/CSE 100/Lab 5/project_test/project_test.srcs/sources_1/imports/new/counterUD16L.v
Hint: use the '-force' option to overwrite the local copies.
import_files
INFO: [filemgmt 20-334] All file(s) are already imported in fileset: 'constrs_1'
INFO: [filemgmt 20-348] Importing the appropriate files for fileset: 'constrs_1'
INFO: [filemgmt 20-334] All file(s) are already imported in fileset: 'sim_1'
INFO: [filemgmt 20-348] Importing the appropriate files for fileset: 'sim_1'
INFO: [filemgmt 20-348] Importing the appropriate files for fileset: 'sources_1'
WARNING: [filemgmt 20-354] The following file(s) were not imported. Local copy of file(s) already exists:
C:/Users/Rahul/Google Drive/UCSC/year 2/Winter Quarter/CSE 100/Lab 6/project_1/project_1.srcs/sources_1/imports/CSE 100/Lab 5/project_test/project_test.srcs/sources_1/imports/new/counterUD16L.v
Hint: use the '-force' option to overwrite the local copies.
import_files
INFO: [filemgmt 20-334] All file(s) are already imported in fileset: 'constrs_1'
INFO: [filemgmt 20-348] Importing the appropriate files for fileset: 'constrs_1'
INFO: [filemgmt 20-334] All file(s) are already imported in fileset: 'sim_1'
INFO: [filemgmt 20-348] Importing the appropriate files for fileset: 'sim_1'
INFO: [filemgmt 20-348] Importing the appropriate files for fileset: 'sources_1'
WARNING: [filemgmt 20-354] The following file(s) were not imported. Local copy of file(s) already exists:
C:/Users/Rahul/Google Drive/UCSC/year 2/Winter Quarter/CSE 100/Lab 6/project_1/project_1.srcs/sources_1/imports/CSE 100/Lab 5/project_test/project_test.srcs/sources_1/imports/new/counterUD16L.v
Hint: use the '-force' option to overwrite the local copies.
archive_project {C:/Users/Rahul/Google Drive/UCSC/year 2/Winter Quarter/CSE 100/Lab 7/lab7complete.xpr.zip} -temp_dir {C:/Users/Rahul/Google Drive/UCSC/year 2/Winter Quarter/CSE 100/Lab 7/project_almostdone/.Xil/Vivado-12148-DESKTOP-AN2HNRA} -force -include_local_ip_cache
INFO: [Coretcl 2-137] starting archive...
INFO: [Coretcl 2-1499] Saving project copy to temporary location 'C:/Users/Rahul/Google Drive/UCSC/year 2/Winter Quarter/CSE 100/Lab 7/project_almostdone/.Xil/Vivado-12148-DESKTOP-AN2HNRA' for archiving project
INFO: [ProjectBase 1-489] The host OS only allows 260 characters in a normal path. The project is stored in a path with more than 80 characters. If you experience issues with IP, Block Designs, or files not being found, please consider moving the project to a location with a shorter path. Alternately consider using the OS subst command to map part of the path to a drive letter.
Current project path is 'C:/Users/Rahul/Google Drive/UCSC/year 2/Winter Quarter/CSE 100/Lab 7/project_almostdone'
CRITICAL WARNING: [Project 1-19] Could not find the file 'C:/Users/Rahul/Google Drive/UCSC/year 2/Winter Quarter/CSE 100/Lab 7/project_almostdone/project_almostdone.srcs/sources_1/imports/CSE 100/Lab 5/project_test/project_test.srcs/sources_1/new/LFSR.v'.
CRITICAL WARNING: [Project 1-19] Could not find the file 'C:/Users/Rahul/Google Drive/UCSC/year 2/Winter Quarter/CSE 100/Lab 7/project_almostdone/project_almostdone.srcs/sources_1/imports/CSE 100/Lab 5/project_test/project_test.srcs/sources_1/imports/new/Selector.v'.
CRITICAL WARNING: [Project 1-19] Could not find the file 'C:/Users/Rahul/Google Drive/UCSC/year 2/Winter Quarter/CSE 100/Lab 7/project_almostdone/project_almostdone.srcs/sources_1/imports/CSE 100/Lab 4/Lab4/Lab4.srcs/sources_1/new/counterUD16L.v'.
CRITICAL WARNING: [Project 1-19] Could not find the file 'C:/Users/Rahul/Google Drive/UCSC/year 2/Winter Quarter/CSE 100/Lab 7/project_almostdone/project_almostdone.srcs/sources_1/imports/CSE 100/Lab 4/Lab4/Lab4.srcs/sources_1/new/edge_detector.v'.
CRITICAL WARNING: [Project 1-19] Could not find the file 'C:/Users/Rahul/Google Drive/UCSC/year 2/Winter Quarter/CSE 100/Lab 7/project_almostdone/project_almostdone.srcs/sources_1/imports/CSE 100/Lab 5/project_test/project_test.srcs/sources_1/imports/new/hex7seg.v'.
CRITICAL WARNING: [Project 1-19] Could not find the file 'C:/Users/Rahul/Google Drive/UCSC/year 2/Winter Quarter/CSE 100/Lab 7/project_almostdone/project_almostdone.srcs/sources_1/imports/CSE 100/Lab 5/project_test/project_test.srcs/sources_1/imports/new/m8_1.v'.
CRITICAL WARNING: [Project 1-19] Could not find the file 'C:/Users/Rahul/Google Drive/UCSC/year 2/Winter Quarter/CSE 100/Lab 7/project_almostdone/project_almostdone.srcs/sources_1/imports/CSE 100/Lab 5/project_test/project_test.srcs/sources_1/imports/new/ring_counter.v'.
Scanning sources...
Finished scanning sources
INFO: [Coretcl 2-1211] Creating project copy for archival...
INFO: [ProjectBase 1-495] The host OS only allows 260 characters in a normal path. The project is stored in a path with more than 80 characters. If you experience any problem with archiving the project, please consider setting environment variable $TEMP to a shorter path.
Current project path is 'C:/Users/Rahul/Google Drive/UCSC/year 2/Winter Quarter/CSE 100/Lab 7/project_almostdone/.Xil/Vivado-12148-DESKTOP-AN2HNRA/PrjAr/_X_'.
INFO: [Coretcl 2-1213] Including run results for 'synth_1'
INFO: [Coretcl 2-1213] Including run results for 'impl_1'
INFO: [Coretcl 2-1209] Adding archive summary file to the project...
INFO: [Coretcl 2-1214] Preparing project files for archive...
INFO: [Coretcl 2-1210] Compressing project files and data...
INFO: [Coretcl 2-1215] Project archived (C:/Users/Rahul/Google Drive/UCSC/year 2/Winter Quarter/CSE 100/Lab 7/lab7complete.xpr.zip)
INFO: [Coretcl 2-1216] To view the archive summary log in GUI, double click on 'Design Sources->Text->archive_project_summary.txt', or open this file from the archived project directory.
archive_project: Time (s): cpu = 00:00:03 ; elapsed = 00:00:06 . Memory (MB): peak = 773.973 ; gain = 0.000
reset_run synth_1
launch_runs impl_1 -jobs 12
[Tue Mar 10 01:42:30 2020] Launched synth_1...
Run output will be captured here: C:/Users/Rahul/Google Drive/UCSC/year 2/Winter Quarter/CSE 100/Lab 7/project_almostdone/project_almostdone.runs/synth_1/runme.log
[Tue Mar 10 01:42:30 2020] Launched impl_1...
Run output will be captured here: C:/Users/Rahul/Google Drive/UCSC/year 2/Winter Quarter/CSE 100/Lab 7/project_almostdone/project_almostdone.runs/impl_1/runme.log
open_run impl_1
INFO: [Device 21-403] Loading part xc7a35tcpg236-1
INFO: [Netlist 29-17] Analyzing 219 Unisim elements for replacement
INFO: [Netlist 29-28] Unisim Transformation completed in 0 CPU seconds
INFO: [Project 1-479] Netlist was created with Vivado 2019.1
INFO: [Project 1-570] Preparing netlist for logic optimization
INFO: [Timing 38-478] Restoring timing data from binary archive.
INFO: [Timing 38-479] Binary timing data restore complete.
INFO: [Project 1-856] Restoring constraints from binary archive.
INFO: [Project 1-853] Binary constraint restore complete.
Reading XDEF placement.
Reading placer database...
Reading XDEF routing.
Read XDEF File: Time (s): cpu = 00:00:01 ; elapsed = 00:00:00.185 . Memory (MB): peak = 1696.844 ; gain = 0.000
Restored from archive | CPU: 1.000000 secs | Memory: 0.000000 MB |
Finished XDEF File Restore: Time (s): cpu = 00:00:01 ; elapsed = 00:00:00.185 . Memory (MB): peak = 1696.844 ; gain = 0.000
Netlist sorting complete. Time (s): cpu = 00:00:00 ; elapsed = 00:00:00 . Memory (MB): peak = 1696.844 ; gain = 0.000
INFO: [Project 1-111] Unisim Transformation Summary:
No Unisim elements were transformed.

open_run: Time (s): cpu = 00:00:24 ; elapsed = 00:00:19 . Memory (MB): peak = 1826.375 ; gain = 1034.219
report_timing_summary -delay_type min_max -report_unconstrained -check_timing_verbose -max_paths 10 -input_pins -routable_nets -name timing_1
INFO: [Timing 38-91] UpdateTimingParams: Speed grade: -1, Delay Type: min_max.
INFO: [Timing 38-191] Multithreading enabled for timing update using a maximum of 2 CPUs
