#-----------------------------------------------------------
# Vivado v2019.1 (64-bit)
# SW Build 2552052 on Fri May 24 14:49:42 MDT 2019
# IP Build 2548770 on Fri May 24 18:01:18 MDT 2019
# Start of session at: Wed Feb 26 04:54:16 2020
# Process ID: 21788
# Current directory: C:/Users/Rahul/Google Drive/UCSC/year 2/Winter Quarter/CSE 100/Lab 7/project_1
# Command line: vivado.exe -gui_launcher_event rodinguilauncherevent2284 C:\Users\Rahul\Google Drive\UCSC\year 2\Winter Quarter\CSE 100\Lab 7\project_1\project_1.xpr
# Log file: C:/Users/Rahul/Google Drive/UCSC/year 2/Winter Quarter/CSE 100/Lab 7/project_1/vivado.log
# Journal file: C:/Users/Rahul/Google Drive/UCSC/year 2/Winter Quarter/CSE 100/Lab 7/project_1\vivado.jou
#-----------------------------------------------------------
start_gui
open_project {C:/Users/Rahul/Google Drive/UCSC/year 2/Winter Quarter/CSE 100/Lab 7/project_1/project_1.xpr}
Scanning sources...
Finished scanning sources
INFO: [IP_Flow 19-234] Refreshing IP repositories
INFO: [IP_Flow 19-1704] No user IP repositories specified
INFO: [IP_Flow 19-2313] Loaded Vivado IP repository 'C:/Xilinx/Vivado/2019.1/data/ip'.
update_compile_order -fileset sources_1
launch_simulation
INFO: [Vivado 12-5682] Launching behavioral simulation in 'C:/Users/Rahul/Google Drive/UCSC/year 2/Winter Quarter/CSE 100/Lab 7/project_1/project_1.sim/sim_1/behav/xsim'
INFO: [SIM-utils-51] Simulation object is 'sim_1'
INFO: [SIM-utils-54] Inspecting design source files for 'simReusable' in fileset 'sim_1'...
INFO: [USF-XSim-97] Finding global include files...
INFO: [USF-XSim-98] Fetching design files from 'sim_1'...
INFO: [USF-XSim-2] XSim::Compile design
INFO: [USF-XSim-61] Executing 'COMPILE and ANALYZE' step in 'C:/Users/Rahul/Google Drive/UCSC/year 2/Winter Quarter/CSE 100/Lab 7/project_1/project_1.sim/sim_1/behav/xsim'
"xvlog --incr --relax -prj simReusable_vlog.prj"
INFO: [USF-XSim-69] 'compile' step finished in '1' seconds
INFO: [USF-XSim-3] XSim::Elaborate design
INFO: [USF-XSim-61] Executing 'ELABORATE' step in 'C:/Users/Rahul/Google Drive/UCSC/year 2/Winter Quarter/CSE 100/Lab 7/project_1/project_1.sim/sim_1/behav/xsim'
"xelab -wto f69fe80d0e8d42b58e981d50f069ac73 --incr --debug typical --relax --mt 2 -L xil_defaultlib -L unisims_ver -L unimacro_ver -L secureip --snapshot simReusable_behav xil_defaultlib.simReusable xil_defaultlib.glbl -log elaborate.log"
Vivado Simulator 2019.1
Copyright 1986-1999, 2001-2019 Xilinx, Inc. All Rights Reserved.
Running: C:/Xilinx/Vivado/2019.1/bin/unwrapped/win64.o/xelab.exe -wto f69fe80d0e8d42b58e981d50f069ac73 --incr --debug typical --relax --mt 2 -L xil_defaultlib -L unisims_ver -L unimacro_ver -L secureip --snapshot simReusable_behav xil_defaultlib.simReusable xil_defaultlib.glbl -log elaborate.log 
Using 2 slave threads.
Starting static elaboration
Completed static elaboration
INFO: [XSIM 43-4323] No Change in HDL. Linking previously generated obj files to create kernel
INFO: [USF-XSim-69] 'elaborate' step finished in '1' seconds
INFO: [USF-XSim-4] XSim::Simulate design
INFO: [USF-XSim-61] Executing 'SIMULATE' step in 'C:/Users/Rahul/Google Drive/UCSC/year 2/Winter Quarter/CSE 100/Lab 7/project_1/project_1.sim/sim_1/behav/xsim'
INFO: [USF-XSim-98] *** Running xsim
   with args "simReusable_behav -key {Behavioral:sim_1:Functional:simReusable} -tclbatch {simReusable.tcl} -log {simulate.log}"
INFO: [USF-XSim-8] Loading simulator feature
Vivado Simulator 2019.1
Time resolution is 1 ps
source simReusable.tcl
# set curr_wave [current_wave_config]
# if { [string length $curr_wave] == 0 } {
#   if { [llength [get_objects]] > 0} {
#     add_wave /
#     set_property needs_save false [current_wave_config]
#   } else {
#      send_msg_id Add_Wave-1 WARNING "No top level signals found. Simulator will start without a wave window. If you want to open a wave window go to 'File->New Waveform Configuration' or type 'create_wave_config' in the TCL console."
#   }
# }
# run 1000ns
INFO: [USF-XSim-96] XSim completed. Design snapshot 'simReusable_behav' loaded.
INFO: [USF-XSim-97] XSim simulation ran for 1000ns
launch_simulation: Time (s): cpu = 00:00:07 ; elapsed = 00:00:06 . Memory (MB): peak = 770.012 ; gain = 0.078
run 100 ns
run 100 ns
run 100 ns
run 100 ns
run 100 ns
run 100 ns
run 100 ns
run 100 ns
run 100 ns
run 100 ns
run 100 ns
run 100 ns
run 100 ns
run 100 ns
run all
run: Time (s): cpu = 00:00:09 ; elapsed = 00:00:10 . Memory (MB): peak = 791.129 ; gain = 8.723
relaunch_sim
INFO: [Vivado 12-5682] Launching behavioral simulation in 'C:/Users/Rahul/Google Drive/UCSC/year 2/Winter Quarter/CSE 100/Lab 7/project_1/project_1.sim/sim_1/behav/xsim'
INFO: [SIM-utils-51] Simulation object is 'sim_1'
INFO: [SIM-utils-54] Inspecting design source files for 'simReusable' in fileset 'sim_1'...
INFO: [USF-XSim-97] Finding global include files...
INFO: [USF-XSim-98] Fetching design files from 'sim_1'...
INFO: [USF-XSim-2] XSim::Compile design
INFO: [USF-XSim-61] Executing 'COMPILE and ANALYZE' step in 'C:/Users/Rahul/Google Drive/UCSC/year 2/Winter Quarter/CSE 100/Lab 7/project_1/project_1.sim/sim_1/behav/xsim'
"xvlog --incr --relax -prj simReusable_vlog.prj"
INFO: [VRFC 10-2263] Analyzing Verilog file "C:/Users/Rahul/Google Drive/UCSC/year 2/Winter Quarter/CSE 100/Lab 7/project_1/project_1.srcs/sources_1/imports/new/countUD4L.v" into library xil_defaultlib
INFO: [VRFC 10-311] analyzing module countUD4L
INFO: [VRFC 10-2263] Analyzing Verilog file "C:/Users/Rahul/Google Drive/UCSC/year 2/Winter Quarter/CSE 100/Lab 7/project_1/project_1.srcs/sources_1/imports/new/counterUD16L.v" into library xil_defaultlib
INFO: [VRFC 10-311] analyzing module counterUD12L
INFO: [VRFC 10-2263] Analyzing Verilog file "C:/Users/Rahul/Google Drive/UCSC/year 2/Winter Quarter/CSE 100/Lab 7/project_1/project_1.srcs/sources_1/new/roadSegs.v" into library xil_defaultlib
INFO: [VRFC 10-311] analyzing module roadSegs
INFO: [VRFC 10-2263] Analyzing Verilog file "C:/Users/Rahul/Google Drive/UCSC/year 2/Winter Quarter/CSE 100/Lab 7/project_1/project_1.srcs/sim_1/new/simvga.v" into library xil_defaultlib
INFO: [VRFC 10-311] analyzing module simReusable
INFO: [USF-XSim-69] 'compile' step finished in '1' seconds
INFO: [Vivado 12-5682] Launching behavioral simulation in 'C:/Users/Rahul/Google Drive/UCSC/year 2/Winter Quarter/CSE 100/Lab 7/project_1/project_1.sim/sim_1/behav/xsim'
INFO: [USF-XSim-3] XSim::Elaborate design
INFO: [USF-XSim-61] Executing 'ELABORATE' step in 'C:/Users/Rahul/Google Drive/UCSC/year 2/Winter Quarter/CSE 100/Lab 7/project_1/project_1.sim/sim_1/behav/xsim'
"xelab -wto f69fe80d0e8d42b58e981d50f069ac73 --incr --debug typical --relax --mt 2 -L xil_defaultlib -L unisims_ver -L unimacro_ver -L secureip --snapshot simReusable_behav xil_defaultlib.simReusable xil_defaultlib.glbl -log elaborate.log"
Vivado Simulator 2019.1
Copyright 1986-1999, 2001-2019 Xilinx, Inc. All Rights Reserved.
Running: C:/Xilinx/Vivado/2019.1/bin/unwrapped/win64.o/xelab.exe -wto f69fe80d0e8d42b58e981d50f069ac73 --incr --debug typical --relax --mt 2 -L xil_defaultlib -L unisims_ver -L unimacro_ver -L secureip --snapshot simReusable_behav xil_defaultlib.simReusable xil_defaultlib.glbl -log elaborate.log 
Using 2 slave threads.
Starting static elaboration
Completed static elaboration
Starting simulation data flow analysis
Completed simulation data flow analysis
Time Resolution for simulation is 1ps
Compiling module unisims_ver.FDRE_default
Compiling module xil_defaultlib.countUD4L
Compiling module xil_defaultlib.counterUD12L
Compiling module xil_defaultlib.roadSegs
Compiling module xil_defaultlib.simReusable
Compiling module xil_defaultlib.glbl
Built simulation snapshot simReusable_behav
INFO: [USF-XSim-69] 'elaborate' step finished in '1' seconds
Vivado Simulator 2019.1
Time resolution is 1 ps
relaunch_sim: Time (s): cpu = 00:00:02 ; elapsed = 00:00:06 . Memory (MB): peak = 799.621 ; gain = 0.000
run 100 ns
run 100 ns
run 100 ns
run 100 ns
run 100 ns
run 100 ns
run 100 ns
relaunch_sim
INFO: [Vivado 12-5682] Launching behavioral simulation in 'C:/Users/Rahul/Google Drive/UCSC/year 2/Winter Quarter/CSE 100/Lab 7/project_1/project_1.sim/sim_1/behav/xsim'
INFO: [SIM-utils-51] Simulation object is 'sim_1'
INFO: [SIM-utils-54] Inspecting design source files for 'simReusable' in fileset 'sim_1'...
INFO: [USF-XSim-97] Finding global include files...
INFO: [USF-XSim-98] Fetching design files from 'sim_1'...
INFO: [USF-XSim-2] XSim::Compile design
INFO: [USF-XSim-61] Executing 'COMPILE and ANALYZE' step in 'C:/Users/Rahul/Google Drive/UCSC/year 2/Winter Quarter/CSE 100/Lab 7/project_1/project_1.sim/sim_1/behav/xsim'
"xvlog --incr --relax -prj simReusable_vlog.prj"
INFO: [VRFC 10-2263] Analyzing Verilog file "C:/Users/Rahul/Google Drive/UCSC/year 2/Winter Quarter/CSE 100/Lab 7/project_1/project_1.srcs/sources_1/imports/new/countUD4L.v" into library xil_defaultlib
INFO: [VRFC 10-311] analyzing module countUD4L
INFO: [VRFC 10-2263] Analyzing Verilog file "C:/Users/Rahul/Google Drive/UCSC/year 2/Winter Quarter/CSE 100/Lab 7/project_1/project_1.srcs/sources_1/imports/new/counterUD16L.v" into library xil_defaultlib
INFO: [VRFC 10-311] analyzing module counterUD12L
INFO: [VRFC 10-2263] Analyzing Verilog file "C:/Users/Rahul/Google Drive/UCSC/year 2/Winter Quarter/CSE 100/Lab 7/project_1/project_1.srcs/sources_1/new/roadSegs.v" into library xil_defaultlib
INFO: [VRFC 10-311] analyzing module roadSegs
INFO: [VRFC 10-2263] Analyzing Verilog file "C:/Users/Rahul/Google Drive/UCSC/year 2/Winter Quarter/CSE 100/Lab 7/project_1/project_1.srcs/sim_1/new/simvga.v" into library xil_defaultlib
INFO: [VRFC 10-311] analyzing module simReusable
INFO: [USF-XSim-69] 'compile' step finished in '1' seconds
INFO: [Vivado 12-5682] Launching behavioral simulation in 'C:/Users/Rahul/Google Drive/UCSC/year 2/Winter Quarter/CSE 100/Lab 7/project_1/project_1.sim/sim_1/behav/xsim'
INFO: [USF-XSim-3] XSim::Elaborate design
INFO: [USF-XSim-61] Executing 'ELABORATE' step in 'C:/Users/Rahul/Google Drive/UCSC/year 2/Winter Quarter/CSE 100/Lab 7/project_1/project_1.sim/sim_1/behav/xsim'
"xelab -wto f69fe80d0e8d42b58e981d50f069ac73 --incr --debug typical --relax --mt 2 -L xil_defaultlib -L unisims_ver -L unimacro_ver -L secureip --snapshot simReusable_behav xil_defaultlib.simReusable xil_defaultlib.glbl -log elaborate.log"
Vivado Simulator 2019.1
Copyright 1986-1999, 2001-2019 Xilinx, Inc. All Rights Reserved.
Running: C:/Xilinx/Vivado/2019.1/bin/unwrapped/win64.o/xelab.exe -wto f69fe80d0e8d42b58e981d50f069ac73 --incr --debug typical --relax --mt 2 -L xil_defaultlib -L unisims_ver -L unimacro_ver -L secureip --snapshot simReusable_behav xil_defaultlib.simReusable xil_defaultlib.glbl -log elaborate.log 
Using 2 slave threads.
Starting static elaboration
Completed static elaboration
Starting simulation data flow analysis
Completed simulation data flow analysis
Time Resolution for simulation is 1ps
Compiling module unisims_ver.FDRE_default
Compiling module xil_defaultlib.countUD4L
Compiling module xil_defaultlib.counterUD12L
Compiling module xil_defaultlib.roadSegs
Compiling module xil_defaultlib.simReusable
Compiling module xil_defaultlib.glbl
Built simulation snapshot simReusable_behav
INFO: [USF-XSim-69] 'elaborate' step finished in '1' seconds
Vivado Simulator 2019.1
Time resolution is 1 ps
relaunch_sim: Time (s): cpu = 00:00:02 ; elapsed = 00:00:07 . Memory (MB): peak = 815.059 ; gain = 0.000
run 100 ns
run 100 ns
run 100 ns
run 100 ns
run 100 ns
run 100 ns
run 100 ns
run 100 ns
run 100 ns
run 100 ns
run 100 ns
run 100 ns
run 100 ns
run 100 ns
run 100 ns
run 100 ns
run 100 ns
run all
run: Time (s): cpu = 00:00:17 ; elapsed = 00:00:24 . Memory (MB): peak = 815.059 ; gain = 0.000
relaunch_sim
INFO: [Vivado 12-5682] Launching behavioral simulation in 'C:/Users/Rahul/Google Drive/UCSC/year 2/Winter Quarter/CSE 100/Lab 7/project_1/project_1.sim/sim_1/behav/xsim'
INFO: [SIM-utils-51] Simulation object is 'sim_1'
INFO: [SIM-utils-54] Inspecting design source files for 'simReusable' in fileset 'sim_1'...
INFO: [USF-XSim-97] Finding global include files...
INFO: [USF-XSim-98] Fetching design files from 'sim_1'...
INFO: [USF-XSim-2] XSim::Compile design
INFO: [USF-XSim-61] Executing 'COMPILE and ANALYZE' step in 'C:/Users/Rahul/Google Drive/UCSC/year 2/Winter Quarter/CSE 100/Lab 7/project_1/project_1.sim/sim_1/behav/xsim'
"xvlog --incr --relax -prj simReusable_vlog.prj"
INFO: [VRFC 10-2263] Analyzing Verilog file "C:/Users/Rahul/Google Drive/UCSC/year 2/Winter Quarter/CSE 100/Lab 7/project_1/project_1.srcs/sources_1/imports/new/countUD4L.v" into library xil_defaultlib
INFO: [VRFC 10-311] analyzing module countUD4L
INFO: [VRFC 10-2263] Analyzing Verilog file "C:/Users/Rahul/Google Drive/UCSC/year 2/Winter Quarter/CSE 100/Lab 7/project_1/project_1.srcs/sources_1/imports/new/counterUD16L.v" into library xil_defaultlib
INFO: [VRFC 10-311] analyzing module counterUD12L
INFO: [VRFC 10-2263] Analyzing Verilog file "C:/Users/Rahul/Google Drive/UCSC/year 2/Winter Quarter/CSE 100/Lab 7/project_1/project_1.srcs/sources_1/new/roadSegs.v" into library xil_defaultlib
INFO: [VRFC 10-311] analyzing module roadSegs
INFO: [VRFC 10-2263] Analyzing Verilog file "C:/Users/Rahul/Google Drive/UCSC/year 2/Winter Quarter/CSE 100/Lab 7/project_1/project_1.srcs/sim_1/new/simvga.v" into library xil_defaultlib
INFO: [VRFC 10-311] analyzing module simReusable
INFO: [USF-XSim-69] 'compile' step finished in '2' seconds
INFO: [Vivado 12-5682] Launching behavioral simulation in 'C:/Users/Rahul/Google Drive/UCSC/year 2/Winter Quarter/CSE 100/Lab 7/project_1/project_1.sim/sim_1/behav/xsim'
INFO: [USF-XSim-3] XSim::Elaborate design
INFO: [USF-XSim-61] Executing 'ELABORATE' step in 'C:/Users/Rahul/Google Drive/UCSC/year 2/Winter Quarter/CSE 100/Lab 7/project_1/project_1.sim/sim_1/behav/xsim'
"xelab -wto f69fe80d0e8d42b58e981d50f069ac73 --incr --debug typical --relax --mt 2 -L xil_defaultlib -L unisims_ver -L unimacro_ver -L secureip --snapshot simReusable_behav xil_defaultlib.simReusable xil_defaultlib.glbl -log elaborate.log"
Vivado Simulator 2019.1
Copyright 1986-1999, 2001-2019 Xilinx, Inc. All Rights Reserved.
Running: C:/Xilinx/Vivado/2019.1/bin/unwrapped/win64.o/xelab.exe -wto f69fe80d0e8d42b58e981d50f069ac73 --incr --debug typical --relax --mt 2 -L xil_defaultlib -L unisims_ver -L unimacro_ver -L secureip --snapshot simReusable_behav xil_defaultlib.simReusable xil_defaultlib.glbl -log elaborate.log 
Using 2 slave threads.
Starting static elaboration
Completed static elaboration
Starting simulation data flow analysis
Completed simulation data flow analysis
Time Resolution for simulation is 1ps
Compiling module unisims_ver.FDRE_default
Compiling module xil_defaultlib.countUD4L
Compiling module xil_defaultlib.counterUD12L
Compiling module xil_defaultlib.roadSegs
Compiling module xil_defaultlib.simReusable
Compiling module xil_defaultlib.glbl
Built simulation snapshot simReusable_behav
INFO: [USF-XSim-69] 'elaborate' step finished in '1' seconds
Vivado Simulator 2019.1
Time resolution is 1 ps
relaunch_sim: Time (s): cpu = 00:00:02 ; elapsed = 00:00:06 . Memory (MB): peak = 815.059 ; gain = 0.000
run 100 ns
run 100 ns
run 100 ns
run 100 ns
run 100 ns
run all
run: Time (s): cpu = 00:00:08 ; elapsed = 00:00:10 . Memory (MB): peak = 815.059 ; gain = 0.000
relaunch_sim
INFO: [Vivado 12-5682] Launching behavioral simulation in 'C:/Users/Rahul/Google Drive/UCSC/year 2/Winter Quarter/CSE 100/Lab 7/project_1/project_1.sim/sim_1/behav/xsim'
INFO: [SIM-utils-51] Simulation object is 'sim_1'
INFO: [SIM-utils-54] Inspecting design source files for 'simReusable' in fileset 'sim_1'...
INFO: [USF-XSim-97] Finding global include files...
INFO: [USF-XSim-98] Fetching design files from 'sim_1'...
INFO: [USF-XSim-2] XSim::Compile design
INFO: [USF-XSim-61] Executing 'COMPILE and ANALYZE' step in 'C:/Users/Rahul/Google Drive/UCSC/year 2/Winter Quarter/CSE 100/Lab 7/project_1/project_1.sim/sim_1/behav/xsim'
"xvlog --incr --relax -prj simReusable_vlog.prj"
INFO: [VRFC 10-2263] Analyzing Verilog file "C:/Users/Rahul/Google Drive/UCSC/year 2/Winter Quarter/CSE 100/Lab 7/project_1/project_1.srcs/sources_1/imports/new/countUD4L.v" into library xil_defaultlib
INFO: [VRFC 10-311] analyzing module countUD4L
INFO: [VRFC 10-2263] Analyzing Verilog file "C:/Users/Rahul/Google Drive/UCSC/year 2/Winter Quarter/CSE 100/Lab 7/project_1/project_1.srcs/sources_1/imports/new/counterUD16L.v" into library xil_defaultlib
INFO: [VRFC 10-311] analyzing module counterUD12L
INFO: [VRFC 10-2263] Analyzing Verilog file "C:/Users/Rahul/Google Drive/UCSC/year 2/Winter Quarter/CSE 100/Lab 7/project_1/project_1.srcs/sources_1/new/roadSegs.v" into library xil_defaultlib
INFO: [VRFC 10-311] analyzing module roadSegs
INFO: [VRFC 10-2263] Analyzing Verilog file "C:/Users/Rahul/Google Drive/UCSC/year 2/Winter Quarter/CSE 100/Lab 7/project_1/project_1.srcs/sim_1/new/simvga.v" into library xil_defaultlib
INFO: [VRFC 10-311] analyzing module simReusable
INFO: [USF-XSim-69] 'compile' step finished in '1' seconds
INFO: [Vivado 12-5682] Launching behavioral simulation in 'C:/Users/Rahul/Google Drive/UCSC/year 2/Winter Quarter/CSE 100/Lab 7/project_1/project_1.sim/sim_1/behav/xsim'
INFO: [USF-XSim-3] XSim::Elaborate design
INFO: [USF-XSim-61] Executing 'ELABORATE' step in 'C:/Users/Rahul/Google Drive/UCSC/year 2/Winter Quarter/CSE 100/Lab 7/project_1/project_1.sim/sim_1/behav/xsim'
"xelab -wto f69fe80d0e8d42b58e981d50f069ac73 --incr --debug typical --relax --mt 2 -L xil_defaultlib -L unisims_ver -L unimacro_ver -L secureip --snapshot simReusable_behav xil_defaultlib.simReusable xil_defaultlib.glbl -log elaborate.log"
Vivado Simulator 2019.1
Copyright 1986-1999, 2001-2019 Xilinx, Inc. All Rights Reserved.
Running: C:/Xilinx/Vivado/2019.1/bin/unwrapped/win64.o/xelab.exe -wto f69fe80d0e8d42b58e981d50f069ac73 --incr --debug typical --relax --mt 2 -L xil_defaultlib -L unisims_ver -L unimacro_ver -L secureip --snapshot simReusable_behav xil_defaultlib.simReusable xil_defaultlib.glbl -log elaborate.log 
Using 2 slave threads.
Starting static elaboration
Completed static elaboration
Starting simulation data flow analysis
Completed simulation data flow analysis
Time Resolution for simulation is 1ps
Compiling module unisims_ver.FDRE_default
Compiling module xil_defaultlib.countUD4L
Compiling module xil_defaultlib.counterUD12L
Compiling module xil_defaultlib.roadSegs
Compiling module xil_defaultlib.simReusable
Compiling module xil_defaultlib.glbl
Built simulation snapshot simReusable_behav
INFO: [USF-XSim-69] 'elaborate' step finished in '2' seconds
Vivado Simulator 2019.1
Time resolution is 1 ps
relaunch_sim: Time (s): cpu = 00:00:02 ; elapsed = 00:00:06 . Memory (MB): peak = 815.059 ; gain = 0.000
run 100 ns
run 100 ns
run 100 ns
run 100 ns
run 100 ns
run 100 ns
run 100 ns
run 100 ns
run 100 ns
run 100 ns
run 100 ns
run 100 ns
run 100 ns
run 100 ns
run 100 ns
run 100 ns
run 100 ns
run 100 ns
run 100 ns
run 100 ns
run 100 ns
run 100 ns
run all
run: Time (s): cpu = 00:00:04 ; elapsed = 00:00:06 . Memory (MB): peak = 815.059 ; gain = 0.000
run 100 ns
run 100 ns
run 100 ns
relaunch_sim
INFO: [Vivado 12-5682] Launching behavioral simulation in 'C:/Users/Rahul/Google Drive/UCSC/year 2/Winter Quarter/CSE 100/Lab 7/project_1/project_1.sim/sim_1/behav/xsim'
INFO: [SIM-utils-51] Simulation object is 'sim_1'
INFO: [SIM-utils-54] Inspecting design source files for 'simReusable' in fileset 'sim_1'...
INFO: [USF-XSim-97] Finding global include files...
INFO: [USF-XSim-98] Fetching design files from 'sim_1'...
INFO: [USF-XSim-2] XSim::Compile design
INFO: [USF-XSim-61] Executing 'COMPILE and ANALYZE' step in 'C:/Users/Rahul/Google Drive/UCSC/year 2/Winter Quarter/CSE 100/Lab 7/project_1/project_1.sim/sim_1/behav/xsim'
"xvlog --incr --relax -prj simReusable_vlog.prj"
INFO: [VRFC 10-2263] Analyzing Verilog file "C:/Users/Rahul/Google Drive/UCSC/year 2/Winter Quarter/CSE 100/Lab 7/project_1/project_1.srcs/sources_1/imports/new/countUD4L.v" into library xil_defaultlib
INFO: [VRFC 10-311] analyzing module countUD4L
INFO: [VRFC 10-2263] Analyzing Verilog file "C:/Users/Rahul/Google Drive/UCSC/year 2/Winter Quarter/CSE 100/Lab 7/project_1/project_1.srcs/sources_1/imports/new/counterUD16L.v" into library xil_defaultlib
INFO: [VRFC 10-311] analyzing module counterUD12L
INFO: [VRFC 10-2263] Analyzing Verilog file "C:/Users/Rahul/Google Drive/UCSC/year 2/Winter Quarter/CSE 100/Lab 7/project_1/project_1.srcs/sources_1/new/roadSegs.v" into library xil_defaultlib
INFO: [VRFC 10-311] analyzing module roadSegs
INFO: [VRFC 10-2263] Analyzing Verilog file "C:/Users/Rahul/Google Drive/UCSC/year 2/Winter Quarter/CSE 100/Lab 7/project_1/project_1.srcs/sim_1/new/simvga.v" into library xil_defaultlib
INFO: [VRFC 10-311] analyzing module simReusable
INFO: [USF-XSim-69] 'compile' step finished in '1' seconds
INFO: [Vivado 12-5682] Launching behavioral simulation in 'C:/Users/Rahul/Google Drive/UCSC/year 2/Winter Quarter/CSE 100/Lab 7/project_1/project_1.sim/sim_1/behav/xsim'
INFO: [USF-XSim-3] XSim::Elaborate design
INFO: [USF-XSim-61] Executing 'ELABORATE' step in 'C:/Users/Rahul/Google Drive/UCSC/year 2/Winter Quarter/CSE 100/Lab 7/project_1/project_1.sim/sim_1/behav/xsim'
"xelab -wto f69fe80d0e8d42b58e981d50f069ac73 --incr --debug typical --relax --mt 2 -L xil_defaultlib -L unisims_ver -L unimacro_ver -L secureip --snapshot simReusable_behav xil_defaultlib.simReusable xil_defaultlib.glbl -log elaborate.log"
Vivado Simulator 2019.1
Copyright 1986-1999, 2001-2019 Xilinx, Inc. All Rights Reserved.
Running: C:/Xilinx/Vivado/2019.1/bin/unwrapped/win64.o/xelab.exe -wto f69fe80d0e8d42b58e981d50f069ac73 --incr --debug typical --relax --mt 2 -L xil_defaultlib -L unisims_ver -L unimacro_ver -L secureip --snapshot simReusable_behav xil_defaultlib.simReusable xil_defaultlib.glbl -log elaborate.log 
Using 2 slave threads.
Starting static elaboration
Completed static elaboration
Starting simulation data flow analysis
Completed simulation data flow analysis
Time Resolution for simulation is 1ps
Compiling module unisims_ver.FDRE_default
Compiling module xil_defaultlib.countUD4L
Compiling module xil_defaultlib.counterUD12L
Compiling module xil_defaultlib.roadSegs
Compiling module xil_defaultlib.simReusable
Compiling module xil_defaultlib.glbl
Built simulation snapshot simReusable_behav
INFO: [USF-XSim-69] 'elaborate' step finished in '2' seconds
Vivado Simulator 2019.1
Time resolution is 1 ps
relaunch_sim: Time (s): cpu = 00:00:02 ; elapsed = 00:00:06 . Memory (MB): peak = 879.188 ; gain = 0.039
run 100 ns
run 100 ns
run all
relaunch_sim
INFO: [Vivado 12-5682] Launching behavioral simulation in 'C:/Users/Rahul/Google Drive/UCSC/year 2/Winter Quarter/CSE 100/Lab 7/project_1/project_1.sim/sim_1/behav/xsim'
INFO: [SIM-utils-51] Simulation object is 'sim_1'
INFO: [SIM-utils-54] Inspecting design source files for 'simReusable' in fileset 'sim_1'...
INFO: [USF-XSim-97] Finding global include files...
INFO: [USF-XSim-98] Fetching design files from 'sim_1'...
INFO: [USF-XSim-2] XSim::Compile design
INFO: [USF-XSim-61] Executing 'COMPILE and ANALYZE' step in 'C:/Users/Rahul/Google Drive/UCSC/year 2/Winter Quarter/CSE 100/Lab 7/project_1/project_1.sim/sim_1/behav/xsim'
"xvlog --incr --relax -prj simReusable_vlog.prj"
INFO: [VRFC 10-2263] Analyzing Verilog file "C:/Users/Rahul/Google Drive/UCSC/year 2/Winter Quarter/CSE 100/Lab 7/project_1/project_1.srcs/sources_1/imports/new/countUD4L.v" into library xil_defaultlib
INFO: [VRFC 10-311] analyzing module countUD4L
INFO: [VRFC 10-2263] Analyzing Verilog file "C:/Users/Rahul/Google Drive/UCSC/year 2/Winter Quarter/CSE 100/Lab 7/project_1/project_1.srcs/sources_1/imports/new/counterUD16L.v" into library xil_defaultlib
INFO: [VRFC 10-311] analyzing module counterUD12L
INFO: [VRFC 10-2263] Analyzing Verilog file "C:/Users/Rahul/Google Drive/UCSC/year 2/Winter Quarter/CSE 100/Lab 7/project_1/project_1.srcs/sources_1/new/roadSegs.v" into library xil_defaultlib
INFO: [VRFC 10-311] analyzing module roadSegs
INFO: [VRFC 10-2263] Analyzing Verilog file "C:/Users/Rahul/Google Drive/UCSC/year 2/Winter Quarter/CSE 100/Lab 7/project_1/project_1.srcs/sim_1/new/simvga.v" into library xil_defaultlib
INFO: [VRFC 10-311] analyzing module simReusable
INFO: [USF-XSim-69] 'compile' step finished in '1' seconds
INFO: [Vivado 12-5682] Launching behavioral simulation in 'C:/Users/Rahul/Google Drive/UCSC/year 2/Winter Quarter/CSE 100/Lab 7/project_1/project_1.sim/sim_1/behav/xsim'
INFO: [USF-XSim-3] XSim::Elaborate design
INFO: [USF-XSim-61] Executing 'ELABORATE' step in 'C:/Users/Rahul/Google Drive/UCSC/year 2/Winter Quarter/CSE 100/Lab 7/project_1/project_1.sim/sim_1/behav/xsim'
"xelab -wto f69fe80d0e8d42b58e981d50f069ac73 --incr --debug typical --relax --mt 2 -L xil_defaultlib -L unisims_ver -L unimacro_ver -L secureip --snapshot simReusable_behav xil_defaultlib.simReusable xil_defaultlib.glbl -log elaborate.log"
Vivado Simulator 2019.1
Copyright 1986-1999, 2001-2019 Xilinx, Inc. All Rights Reserved.
Running: C:/Xilinx/Vivado/2019.1/bin/unwrapped/win64.o/xelab.exe -wto f69fe80d0e8d42b58e981d50f069ac73 --incr --debug typical --relax --mt 2 -L xil_defaultlib -L unisims_ver -L unimacro_ver -L secureip --snapshot simReusable_behav xil_defaultlib.simReusable xil_defaultlib.glbl -log elaborate.log 
Using 2 slave threads.
Starting static elaboration
Completed static elaboration
Starting simulation data flow analysis
Completed simulation data flow analysis
Time Resolution for simulation is 1ps
Compiling module unisims_ver.FDRE_default
Compiling module xil_defaultlib.countUD4L
Compiling module xil_defaultlib.counterUD12L
Compiling module xil_defaultlib.roadSegs
Compiling module xil_defaultlib.simReusable
Compiling module xil_defaultlib.glbl
Built simulation snapshot simReusable_behav
INFO: [USF-XSim-69] 'elaborate' step finished in '1' seconds
Vivado Simulator 2019.1
Time resolution is 1 ps
relaunch_sim: Time (s): cpu = 00:00:01 ; elapsed = 00:00:06 . Memory (MB): peak = 879.188 ; gain = 0.000
run all
relaunch_sim
INFO: [Vivado 12-5682] Launching behavioral simulation in 'C:/Users/Rahul/Google Drive/UCSC/year 2/Winter Quarter/CSE 100/Lab 7/project_1/project_1.sim/sim_1/behav/xsim'
INFO: [SIM-utils-51] Simulation object is 'sim_1'
INFO: [SIM-utils-54] Inspecting design source files for 'simReusable' in fileset 'sim_1'...
INFO: [USF-XSim-97] Finding global include files...
INFO: [USF-XSim-98] Fetching design files from 'sim_1'...
INFO: [USF-XSim-2] XSim::Compile design
INFO: [USF-XSim-61] Executing 'COMPILE and ANALYZE' step in 'C:/Users/Rahul/Google Drive/UCSC/year 2/Winter Quarter/CSE 100/Lab 7/project_1/project_1.sim/sim_1/behav/xsim'
"xvlog --incr --relax -prj simReusable_vlog.prj"
INFO: [VRFC 10-2263] Analyzing Verilog file "C:/Users/Rahul/Google Drive/UCSC/year 2/Winter Quarter/CSE 100/Lab 7/project_1/project_1.srcs/sources_1/imports/new/countUD4L.v" into library xil_defaultlib
INFO: [VRFC 10-311] analyzing module countUD4L
INFO: [VRFC 10-2263] Analyzing Verilog file "C:/Users/Rahul/Google Drive/UCSC/year 2/Winter Quarter/CSE 100/Lab 7/project_1/project_1.srcs/sources_1/imports/new/counterUD16L.v" into library xil_defaultlib
INFO: [VRFC 10-311] analyzing module counterUD12L
INFO: [VRFC 10-2263] Analyzing Verilog file "C:/Users/Rahul/Google Drive/UCSC/year 2/Winter Quarter/CSE 100/Lab 7/project_1/project_1.srcs/sources_1/new/roadSegs.v" into library xil_defaultlib
INFO: [VRFC 10-311] analyzing module roadSegs
INFO: [VRFC 10-2263] Analyzing Verilog file "C:/Users/Rahul/Google Drive/UCSC/year 2/Winter Quarter/CSE 100/Lab 7/project_1/project_1.srcs/sim_1/new/simvga.v" into library xil_defaultlib
INFO: [VRFC 10-311] analyzing module simReusable
INFO: [USF-XSim-69] 'compile' step finished in '1' seconds
INFO: [Vivado 12-5682] Launching behavioral simulation in 'C:/Users/Rahul/Google Drive/UCSC/year 2/Winter Quarter/CSE 100/Lab 7/project_1/project_1.sim/sim_1/behav/xsim'
INFO: [USF-XSim-3] XSim::Elaborate design
INFO: [USF-XSim-61] Executing 'ELABORATE' step in 'C:/Users/Rahul/Google Drive/UCSC/year 2/Winter Quarter/CSE 100/Lab 7/project_1/project_1.sim/sim_1/behav/xsim'
"xelab -wto f69fe80d0e8d42b58e981d50f069ac73 --incr --debug typical --relax --mt 2 -L xil_defaultlib -L unisims_ver -L unimacro_ver -L secureip --snapshot simReusable_behav xil_defaultlib.simReusable xil_defaultlib.glbl -log elaborate.log"
Vivado Simulator 2019.1
Copyright 1986-1999, 2001-2019 Xilinx, Inc. All Rights Reserved.
Running: C:/Xilinx/Vivado/2019.1/bin/unwrapped/win64.o/xelab.exe -wto f69fe80d0e8d42b58e981d50f069ac73 --incr --debug typical --relax --mt 2 -L xil_defaultlib -L unisims_ver -L unimacro_ver -L secureip --snapshot simReusable_behav xil_defaultlib.simReusable xil_defaultlib.glbl -log elaborate.log 
Using 2 slave threads.
Starting static elaboration
Completed static elaboration
Starting simulation data flow analysis
Completed simulation data flow analysis
Time Resolution for simulation is 1ps
Compiling module unisims_ver.FDRE_default
Compiling module xil_defaultlib.countUD4L
Compiling module xil_defaultlib.counterUD12L
Compiling module xil_defaultlib.roadSegs
Compiling module xil_defaultlib.simReusable
Compiling module xil_defaultlib.glbl
Built simulation snapshot simReusable_behav
INFO: [USF-XSim-69] 'elaborate' step finished in '1' seconds
Vivado Simulator 2019.1
Time resolution is 1 ps
relaunch_sim: Time (s): cpu = 00:00:01 ; elapsed = 00:00:06 . Memory (MB): peak = 879.188 ; gain = 0.000
relaunch_sim
INFO: [Vivado 12-5682] Launching behavioral simulation in 'C:/Users/Rahul/Google Drive/UCSC/year 2/Winter Quarter/CSE 100/Lab 7/project_1/project_1.sim/sim_1/behav/xsim'
INFO: [SIM-utils-51] Simulation object is 'sim_1'
INFO: [SIM-utils-54] Inspecting design source files for 'simReusable' in fileset 'sim_1'...
INFO: [USF-XSim-97] Finding global include files...
INFO: [USF-XSim-98] Fetching design files from 'sim_1'...
INFO: [USF-XSim-2] XSim::Compile design
INFO: [USF-XSim-61] Executing 'COMPILE and ANALYZE' step in 'C:/Users/Rahul/Google Drive/UCSC/year 2/Winter Quarter/CSE 100/Lab 7/project_1/project_1.sim/sim_1/behav/xsim'
"xvlog --incr --relax -prj simReusable_vlog.prj"
INFO: [VRFC 10-2263] Analyzing Verilog file "C:/Users/Rahul/Google Drive/UCSC/year 2/Winter Quarter/CSE 100/Lab 7/project_1/project_1.srcs/sources_1/imports/new/countUD4L.v" into library xil_defaultlib
INFO: [VRFC 10-311] analyzing module countUD4L
INFO: [VRFC 10-2263] Analyzing Verilog file "C:/Users/Rahul/Google Drive/UCSC/year 2/Winter Quarter/CSE 100/Lab 7/project_1/project_1.srcs/sources_1/imports/new/counterUD16L.v" into library xil_defaultlib
INFO: [VRFC 10-311] analyzing module counterUD12L
INFO: [VRFC 10-2263] Analyzing Verilog file "C:/Users/Rahul/Google Drive/UCSC/year 2/Winter Quarter/CSE 100/Lab 7/project_1/project_1.srcs/sources_1/new/roadSegs.v" into library xil_defaultlib
INFO: [VRFC 10-311] analyzing module roadSegs
INFO: [VRFC 10-2263] Analyzing Verilog file "C:/Users/Rahul/Google Drive/UCSC/year 2/Winter Quarter/CSE 100/Lab 7/project_1/project_1.srcs/sim_1/new/simvga.v" into library xil_defaultlib
INFO: [VRFC 10-311] analyzing module simReusable
INFO: [USF-XSim-69] 'compile' step finished in '2' seconds
INFO: [Vivado 12-5682] Launching behavioral simulation in 'C:/Users/Rahul/Google Drive/UCSC/year 2/Winter Quarter/CSE 100/Lab 7/project_1/project_1.sim/sim_1/behav/xsim'
INFO: [USF-XSim-3] XSim::Elaborate design
INFO: [USF-XSim-61] Executing 'ELABORATE' step in 'C:/Users/Rahul/Google Drive/UCSC/year 2/Winter Quarter/CSE 100/Lab 7/project_1/project_1.sim/sim_1/behav/xsim'
"xelab -wto f69fe80d0e8d42b58e981d50f069ac73 --incr --debug typical --relax --mt 2 -L xil_defaultlib -L unisims_ver -L unimacro_ver -L secureip --snapshot simReusable_behav xil_defaultlib.simReusable xil_defaultlib.glbl -log elaborate.log"
Vivado Simulator 2019.1
Copyright 1986-1999, 2001-2019 Xilinx, Inc. All Rights Reserved.
Running: C:/Xilinx/Vivado/2019.1/bin/unwrapped/win64.o/xelab.exe -wto f69fe80d0e8d42b58e981d50f069ac73 --incr --debug typical --relax --mt 2 -L xil_defaultlib -L unisims_ver -L unimacro_ver -L secureip --snapshot simReusable_behav xil_defaultlib.simReusable xil_defaultlib.glbl -log elaborate.log 
Using 2 slave threads.
Starting static elaboration
Completed static elaboration
Starting simulation data flow analysis
Completed simulation data flow analysis
Time Resolution for simulation is 1ps
Compiling module unisims_ver.FDRE_default
Compiling module xil_defaultlib.countUD4L
Compiling module xil_defaultlib.counterUD12L
Compiling module xil_defaultlib.roadSegs
Compiling module xil_defaultlib.simReusable
Compiling module xil_defaultlib.glbl
Built simulation snapshot simReusable_behav
INFO: [USF-XSim-69] 'elaborate' step finished in '1' seconds
Vivado Simulator 2019.1
Time resolution is 1 ps
relaunch_sim: Time (s): cpu = 00:00:01 ; elapsed = 00:00:06 . Memory (MB): peak = 879.188 ; gain = 0.000
relaunch_sim
INFO: [Vivado 12-5682] Launching behavioral simulation in 'C:/Users/Rahul/Google Drive/UCSC/year 2/Winter Quarter/CSE 100/Lab 7/project_1/project_1.sim/sim_1/behav/xsim'
INFO: [SIM-utils-51] Simulation object is 'sim_1'
INFO: [SIM-utils-54] Inspecting design source files for 'simReusable' in fileset 'sim_1'...
INFO: [USF-XSim-97] Finding global include files...
INFO: [USF-XSim-98] Fetching design files from 'sim_1'...
INFO: [USF-XSim-2] XSim::Compile design
INFO: [USF-XSim-61] Executing 'COMPILE and ANALYZE' step in 'C:/Users/Rahul/Google Drive/UCSC/year 2/Winter Quarter/CSE 100/Lab 7/project_1/project_1.sim/sim_1/behav/xsim'
"xvlog --incr --relax -prj simReusable_vlog.prj"
INFO: [VRFC 10-2263] Analyzing Verilog file "C:/Users/Rahul/Google Drive/UCSC/year 2/Winter Quarter/CSE 100/Lab 7/project_1/project_1.srcs/sources_1/imports/new/countUD4L.v" into library xil_defaultlib
INFO: [VRFC 10-311] analyzing module countUD4L
INFO: [VRFC 10-2263] Analyzing Verilog file "C:/Users/Rahul/Google Drive/UCSC/year 2/Winter Quarter/CSE 100/Lab 7/project_1/project_1.srcs/sources_1/imports/new/counterUD16L.v" into library xil_defaultlib
INFO: [VRFC 10-311] analyzing module counterUD12L
INFO: [VRFC 10-2263] Analyzing Verilog file "C:/Users/Rahul/Google Drive/UCSC/year 2/Winter Quarter/CSE 100/Lab 7/project_1/project_1.srcs/sources_1/new/roadSegs.v" into library xil_defaultlib
INFO: [VRFC 10-311] analyzing module roadSegs
INFO: [VRFC 10-2263] Analyzing Verilog file "C:/Users/Rahul/Google Drive/UCSC/year 2/Winter Quarter/CSE 100/Lab 7/project_1/project_1.srcs/sim_1/new/simvga.v" into library xil_defaultlib
INFO: [VRFC 10-311] analyzing module simReusable
INFO: [USF-XSim-69] 'compile' step finished in '1' seconds
INFO: [Vivado 12-5682] Launching behavioral simulation in 'C:/Users/Rahul/Google Drive/UCSC/year 2/Winter Quarter/CSE 100/Lab 7/project_1/project_1.sim/sim_1/behav/xsim'
INFO: [USF-XSim-3] XSim::Elaborate design
INFO: [USF-XSim-61] Executing 'ELABORATE' step in 'C:/Users/Rahul/Google Drive/UCSC/year 2/Winter Quarter/CSE 100/Lab 7/project_1/project_1.sim/sim_1/behav/xsim'
"xelab -wto f69fe80d0e8d42b58e981d50f069ac73 --incr --debug typical --relax --mt 2 -L xil_defaultlib -L unisims_ver -L unimacro_ver -L secureip --snapshot simReusable_behav xil_defaultlib.simReusable xil_defaultlib.glbl -log elaborate.log"
Vivado Simulator 2019.1
Copyright 1986-1999, 2001-2019 Xilinx, Inc. All Rights Reserved.
Running: C:/Xilinx/Vivado/2019.1/bin/unwrapped/win64.o/xelab.exe -wto f69fe80d0e8d42b58e981d50f069ac73 --incr --debug typical --relax --mt 2 -L xil_defaultlib -L unisims_ver -L unimacro_ver -L secureip --snapshot simReusable_behav xil_defaultlib.simReusable xil_defaultlib.glbl -log elaborate.log 
Using 2 slave threads.
Starting static elaboration
Completed static elaboration
Starting simulation data flow analysis
Completed simulation data flow analysis
Time Resolution for simulation is 1ps
Compiling module unisims_ver.FDRE_default
Compiling module xil_defaultlib.countUD4L
Compiling module xil_defaultlib.counterUD12L
Compiling module xil_defaultlib.roadSegs
Compiling module xil_defaultlib.simReusable
Compiling module xil_defaultlib.glbl
Built simulation snapshot simReusable_behav
INFO: [USF-XSim-69] 'elaborate' step finished in '1' seconds
Vivado Simulator 2019.1
Time resolution is 1 ps
relaunch_sim: Time (s): cpu = 00:00:02 ; elapsed = 00:00:08 . Memory (MB): peak = 879.188 ; gain = 0.000
relaunch_sim
INFO: [Vivado 12-5682] Launching behavioral simulation in 'C:/Users/Rahul/Google Drive/UCSC/year 2/Winter Quarter/CSE 100/Lab 7/project_1/project_1.sim/sim_1/behav/xsim'
INFO: [SIM-utils-51] Simulation object is 'sim_1'
INFO: [SIM-utils-54] Inspecting design source files for 'simReusable' in fileset 'sim_1'...
INFO: [USF-XSim-97] Finding global include files...
INFO: [USF-XSim-98] Fetching design files from 'sim_1'...
INFO: [USF-XSim-2] XSim::Compile design
INFO: [USF-XSim-61] Executing 'COMPILE and ANALYZE' step in 'C:/Users/Rahul/Google Drive/UCSC/year 2/Winter Quarter/CSE 100/Lab 7/project_1/project_1.sim/sim_1/behav/xsim'
"xvlog --incr --relax -prj simReusable_vlog.prj"
INFO: [VRFC 10-2263] Analyzing Verilog file "C:/Users/Rahul/Google Drive/UCSC/year 2/Winter Quarter/CSE 100/Lab 7/project_1/project_1.srcs/sources_1/imports/new/countUD4L.v" into library xil_defaultlib
INFO: [VRFC 10-311] analyzing module countUD4L
INFO: [VRFC 10-2263] Analyzing Verilog file "C:/Users/Rahul/Google Drive/UCSC/year 2/Winter Quarter/CSE 100/Lab 7/project_1/project_1.srcs/sources_1/imports/new/counterUD16L.v" into library xil_defaultlib
INFO: [VRFC 10-311] analyzing module counterUD12L
INFO: [VRFC 10-2263] Analyzing Verilog file "C:/Users/Rahul/Google Drive/UCSC/year 2/Winter Quarter/CSE 100/Lab 7/project_1/project_1.srcs/sources_1/new/roadSegs.v" into library xil_defaultlib
INFO: [VRFC 10-311] analyzing module roadSegs
INFO: [VRFC 10-2263] Analyzing Verilog file "C:/Users/Rahul/Google Drive/UCSC/year 2/Winter Quarter/CSE 100/Lab 7/project_1/project_1.srcs/sim_1/new/simvga.v" into library xil_defaultlib
INFO: [VRFC 10-311] analyzing module simReusable
INFO: [USF-XSim-69] 'compile' step finished in '2' seconds
INFO: [Vivado 12-5682] Launching behavioral simulation in 'C:/Users/Rahul/Google Drive/UCSC/year 2/Winter Quarter/CSE 100/Lab 7/project_1/project_1.sim/sim_1/behav/xsim'
INFO: [USF-XSim-3] XSim::Elaborate design
INFO: [USF-XSim-61] Executing 'ELABORATE' step in 'C:/Users/Rahul/Google Drive/UCSC/year 2/Winter Quarter/CSE 100/Lab 7/project_1/project_1.sim/sim_1/behav/xsim'
"xelab -wto f69fe80d0e8d42b58e981d50f069ac73 --incr --debug typical --relax --mt 2 -L xil_defaultlib -L unisims_ver -L unimacro_ver -L secureip --snapshot simReusable_behav xil_defaultlib.simReusable xil_defaultlib.glbl -log elaborate.log"
Vivado Simulator 2019.1
Copyright 1986-1999, 2001-2019 Xilinx, Inc. All Rights Reserved.
Running: C:/Xilinx/Vivado/2019.1/bin/unwrapped/win64.o/xelab.exe -wto f69fe80d0e8d42b58e981d50f069ac73 --incr --debug typical --relax --mt 2 -L xil_defaultlib -L unisims_ver -L unimacro_ver -L secureip --snapshot simReusable_behav xil_defaultlib.simReusable xil_defaultlib.glbl -log elaborate.log 
Using 2 slave threads.
Starting static elaboration
Completed static elaboration
Starting simulation data flow analysis
Completed simulation data flow analysis
Time Resolution for simulation is 1ps
Compiling module unisims_ver.FDRE_default
Compiling module xil_defaultlib.countUD4L
Compiling module xil_defaultlib.counterUD12L
Compiling module xil_defaultlib.roadSegs
Compiling module xil_defaultlib.simReusable
Compiling module xil_defaultlib.glbl
Built simulation snapshot simReusable_behav
INFO: [USF-XSim-69] 'elaborate' step finished in '1' seconds
Vivado Simulator 2019.1
Time resolution is 1 ps
relaunch_sim: Time (s): cpu = 00:00:01 ; elapsed = 00:00:06 . Memory (MB): peak = 879.188 ; gain = 0.000
relaunch_sim
INFO: [Vivado 12-5682] Launching behavioral simulation in 'C:/Users/Rahul/Google Drive/UCSC/year 2/Winter Quarter/CSE 100/Lab 7/project_1/project_1.sim/sim_1/behav/xsim'
INFO: [SIM-utils-51] Simulation object is 'sim_1'
INFO: [SIM-utils-54] Inspecting design source files for 'simReusable' in fileset 'sim_1'...
INFO: [USF-XSim-97] Finding global include files...
INFO: [USF-XSim-98] Fetching design files from 'sim_1'...
INFO: [USF-XSim-2] XSim::Compile design
INFO: [USF-XSim-61] Executing 'COMPILE and ANALYZE' step in 'C:/Users/Rahul/Google Drive/UCSC/year 2/Winter Quarter/CSE 100/Lab 7/project_1/project_1.sim/sim_1/behav/xsim'
"xvlog --incr --relax -prj simReusable_vlog.prj"
INFO: [VRFC 10-2263] Analyzing Verilog file "C:/Users/Rahul/Google Drive/UCSC/year 2/Winter Quarter/CSE 100/Lab 7/project_1/project_1.srcs/sources_1/imports/new/countUD4L.v" into library xil_defaultlib
INFO: [VRFC 10-311] analyzing module countUD4L
INFO: [VRFC 10-2263] Analyzing Verilog file "C:/Users/Rahul/Google Drive/UCSC/year 2/Winter Quarter/CSE 100/Lab 7/project_1/project_1.srcs/sources_1/imports/new/counterUD16L.v" into library xil_defaultlib
INFO: [VRFC 10-311] analyzing module counterUD12L
INFO: [VRFC 10-2263] Analyzing Verilog file "C:/Users/Rahul/Google Drive/UCSC/year 2/Winter Quarter/CSE 100/Lab 7/project_1/project_1.srcs/sources_1/new/roadSegs.v" into library xil_defaultlib
INFO: [VRFC 10-311] analyzing module roadSegs
INFO: [VRFC 10-2263] Analyzing Verilog file "C:/Users/Rahul/Google Drive/UCSC/year 2/Winter Quarter/CSE 100/Lab 7/project_1/project_1.srcs/sim_1/new/simvga.v" into library xil_defaultlib
INFO: [VRFC 10-311] analyzing module simReusable
INFO: [USF-XSim-69] 'compile' step finished in '1' seconds
INFO: [Vivado 12-5682] Launching behavioral simulation in 'C:/Users/Rahul/Google Drive/UCSC/year 2/Winter Quarter/CSE 100/Lab 7/project_1/project_1.sim/sim_1/behav/xsim'
INFO: [USF-XSim-3] XSim::Elaborate design
INFO: [USF-XSim-61] Executing 'ELABORATE' step in 'C:/Users/Rahul/Google Drive/UCSC/year 2/Winter Quarter/CSE 100/Lab 7/project_1/project_1.sim/sim_1/behav/xsim'
"xelab -wto f69fe80d0e8d42b58e981d50f069ac73 --incr --debug typical --relax --mt 2 -L xil_defaultlib -L unisims_ver -L unimacro_ver -L secureip --snapshot simReusable_behav xil_defaultlib.simReusable xil_defaultlib.glbl -log elaborate.log"
Vivado Simulator 2019.1
Copyright 1986-1999, 2001-2019 Xilinx, Inc. All Rights Reserved.
Running: C:/Xilinx/Vivado/2019.1/bin/unwrapped/win64.o/xelab.exe -wto f69fe80d0e8d42b58e981d50f069ac73 --incr --debug typical --relax --mt 2 -L xil_defaultlib -L unisims_ver -L unimacro_ver -L secureip --snapshot simReusable_behav xil_defaultlib.simReusable xil_defaultlib.glbl -log elaborate.log 
Using 2 slave threads.
Starting static elaboration
Completed static elaboration
Starting simulation data flow analysis
Completed simulation data flow analysis
Time Resolution for simulation is 1ps
Compiling module unisims_ver.FDRE_default
Compiling module xil_defaultlib.countUD4L
Compiling module xil_defaultlib.counterUD12L
Compiling module xil_defaultlib.roadSegs
Compiling module xil_defaultlib.simReusable
Compiling module xil_defaultlib.glbl
Built simulation snapshot simReusable_behav
INFO: [USF-XSim-69] 'elaborate' step finished in '2' seconds
Vivado Simulator 2019.1
Time resolution is 1 ps
relaunch_sim: Time (s): cpu = 00:00:01 ; elapsed = 00:00:06 . Memory (MB): peak = 879.188 ; gain = 0.000
relaunch_sim
INFO: [Vivado 12-5682] Launching behavioral simulation in 'C:/Users/Rahul/Google Drive/UCSC/year 2/Winter Quarter/CSE 100/Lab 7/project_1/project_1.sim/sim_1/behav/xsim'
INFO: [SIM-utils-51] Simulation object is 'sim_1'
INFO: [SIM-utils-54] Inspecting design source files for 'simReusable' in fileset 'sim_1'...
INFO: [USF-XSim-97] Finding global include files...
INFO: [USF-XSim-98] Fetching design files from 'sim_1'...
INFO: [USF-XSim-2] XSim::Compile design
INFO: [USF-XSim-61] Executing 'COMPILE and ANALYZE' step in 'C:/Users/Rahul/Google Drive/UCSC/year 2/Winter Quarter/CSE 100/Lab 7/project_1/project_1.sim/sim_1/behav/xsim'
"xvlog --incr --relax -prj simReusable_vlog.prj"
INFO: [VRFC 10-2263] Analyzing Verilog file "C:/Users/Rahul/Google Drive/UCSC/year 2/Winter Quarter/CSE 100/Lab 7/project_1/project_1.srcs/sources_1/imports/new/countUD4L.v" into library xil_defaultlib
INFO: [VRFC 10-311] analyzing module countUD4L
INFO: [VRFC 10-2263] Analyzing Verilog file "C:/Users/Rahul/Google Drive/UCSC/year 2/Winter Quarter/CSE 100/Lab 7/project_1/project_1.srcs/sources_1/imports/new/counterUD16L.v" into library xil_defaultlib
INFO: [VRFC 10-311] analyzing module counterUD12L
INFO: [VRFC 10-2263] Analyzing Verilog file "C:/Users/Rahul/Google Drive/UCSC/year 2/Winter Quarter/CSE 100/Lab 7/project_1/project_1.srcs/sources_1/new/roadSegs.v" into library xil_defaultlib
INFO: [VRFC 10-311] analyzing module roadSegs
INFO: [VRFC 10-2263] Analyzing Verilog file "C:/Users/Rahul/Google Drive/UCSC/year 2/Winter Quarter/CSE 100/Lab 7/project_1/project_1.srcs/sim_1/new/simvga.v" into library xil_defaultlib
INFO: [VRFC 10-311] analyzing module simReusable
INFO: [USF-XSim-69] 'compile' step finished in '1' seconds
INFO: [Vivado 12-5682] Launching behavioral simulation in 'C:/Users/Rahul/Google Drive/UCSC/year 2/Winter Quarter/CSE 100/Lab 7/project_1/project_1.sim/sim_1/behav/xsim'
INFO: [USF-XSim-3] XSim::Elaborate design
INFO: [USF-XSim-61] Executing 'ELABORATE' step in 'C:/Users/Rahul/Google Drive/UCSC/year 2/Winter Quarter/CSE 100/Lab 7/project_1/project_1.sim/sim_1/behav/xsim'
"xelab -wto f69fe80d0e8d42b58e981d50f069ac73 --incr --debug typical --relax --mt 2 -L xil_defaultlib -L unisims_ver -L unimacro_ver -L secureip --snapshot simReusable_behav xil_defaultlib.simReusable xil_defaultlib.glbl -log elaborate.log"
Vivado Simulator 2019.1
Copyright 1986-1999, 2001-2019 Xilinx, Inc. All Rights Reserved.
Running: C:/Xilinx/Vivado/2019.1/bin/unwrapped/win64.o/xelab.exe -wto f69fe80d0e8d42b58e981d50f069ac73 --incr --debug typical --relax --mt 2 -L xil_defaultlib -L unisims_ver -L unimacro_ver -L secureip --snapshot simReusable_behav xil_defaultlib.simReusable xil_defaultlib.glbl -log elaborate.log 
Using 2 slave threads.
Starting static elaboration
Completed static elaboration
Starting simulation data flow analysis
Completed simulation data flow analysis
Time Resolution for simulation is 1ps
Compiling module unisims_ver.FDRE_default
Compiling module xil_defaultlib.countUD4L
Compiling module xil_defaultlib.counterUD12L
Compiling module xil_defaultlib.roadSegs
Compiling module xil_defaultlib.simReusable
Compiling module xil_defaultlib.glbl
Built simulation snapshot simReusable_behav
INFO: [USF-XSim-69] 'elaborate' step finished in '1' seconds
Vivado Simulator 2019.1
Time resolution is 1 ps
relaunch_sim: Time (s): cpu = 00:00:02 ; elapsed = 00:00:06 . Memory (MB): peak = 879.188 ; gain = 0.000
run all
run: Time (s): cpu = 00:00:15 ; elapsed = 00:00:20 . Memory (MB): peak = 879.188 ; gain = 0.000
relaunch_sim
INFO: [Vivado 12-5682] Launching behavioral simulation in 'C:/Users/Rahul/Google Drive/UCSC/year 2/Winter Quarter/CSE 100/Lab 7/project_1/project_1.sim/sim_1/behav/xsim'
INFO: [SIM-utils-51] Simulation object is 'sim_1'
INFO: [SIM-utils-54] Inspecting design source files for 'simReusable' in fileset 'sim_1'...
INFO: [USF-XSim-97] Finding global include files...
INFO: [USF-XSim-98] Fetching design files from 'sim_1'...
INFO: [USF-XSim-2] XSim::Compile design
INFO: [USF-XSim-61] Executing 'COMPILE and ANALYZE' step in 'C:/Users/Rahul/Google Drive/UCSC/year 2/Winter Quarter/CSE 100/Lab 7/project_1/project_1.sim/sim_1/behav/xsim'
"xvlog --incr --relax -prj simReusable_vlog.prj"
INFO: [USF-XSim-69] 'compile' step finished in '1' seconds
INFO: [Vivado 12-5682] Launching behavioral simulation in 'C:/Users/Rahul/Google Drive/UCSC/year 2/Winter Quarter/CSE 100/Lab 7/project_1/project_1.sim/sim_1/behav/xsim'
INFO: [USF-XSim-3] XSim::Elaborate design
INFO: [USF-XSim-61] Executing 'ELABORATE' step in 'C:/Users/Rahul/Google Drive/UCSC/year 2/Winter Quarter/CSE 100/Lab 7/project_1/project_1.sim/sim_1/behav/xsim'
"xelab -wto f69fe80d0e8d42b58e981d50f069ac73 --incr --debug typical --relax --mt 2 -L xil_defaultlib -L unisims_ver -L unimacro_ver -L secureip --snapshot simReusable_behav xil_defaultlib.simReusable xil_defaultlib.glbl -log elaborate.log"
Vivado Simulator 2019.1
Copyright 1986-1999, 2001-2019 Xilinx, Inc. All Rights Reserved.
Running: C:/Xilinx/Vivado/2019.1/bin/unwrapped/win64.o/xelab.exe -wto f69fe80d0e8d42b58e981d50f069ac73 --incr --debug typical --relax --mt 2 -L xil_defaultlib -L unisims_ver -L unimacro_ver -L secureip --snapshot simReusable_behav xil_defaultlib.simReusable xil_defaultlib.glbl -log elaborate.log 
Using 2 slave threads.
Starting static elaboration
Completed static elaboration
INFO: [XSIM 43-4323] No Change in HDL. Linking previously generated obj files to create kernel
INFO: [USF-XSim-69] 'elaborate' step finished in '1' seconds
Vivado Simulator 2019.1
Time resolution is 1 ps
relaunch_sim: Time (s): cpu = 00:00:02 ; elapsed = 00:00:06 . Memory (MB): peak = 879.188 ; gain = 0.000
run 100 ns
run all
relaunch_sim
INFO: [Vivado 12-5682] Launching behavioral simulation in 'C:/Users/Rahul/Google Drive/UCSC/year 2/Winter Quarter/CSE 100/Lab 7/project_1/project_1.sim/sim_1/behav/xsim'
INFO: [SIM-utils-51] Simulation object is 'sim_1'
INFO: [SIM-utils-54] Inspecting design source files for 'simReusable' in fileset 'sim_1'...
INFO: [USF-XSim-97] Finding global include files...
INFO: [USF-XSim-98] Fetching design files from 'sim_1'...
INFO: [USF-XSim-2] XSim::Compile design
INFO: [USF-XSim-61] Executing 'COMPILE and ANALYZE' step in 'C:/Users/Rahul/Google Drive/UCSC/year 2/Winter Quarter/CSE 100/Lab 7/project_1/project_1.sim/sim_1/behav/xsim'
"xvlog --incr --relax -prj simReusable_vlog.prj"
INFO: [USF-XSim-69] 'compile' step finished in '1' seconds
INFO: [Vivado 12-5682] Launching behavioral simulation in 'C:/Users/Rahul/Google Drive/UCSC/year 2/Winter Quarter/CSE 100/Lab 7/project_1/project_1.sim/sim_1/behav/xsim'
INFO: [USF-XSim-3] XSim::Elaborate design
INFO: [USF-XSim-61] Executing 'ELABORATE' step in 'C:/Users/Rahul/Google Drive/UCSC/year 2/Winter Quarter/CSE 100/Lab 7/project_1/project_1.sim/sim_1/behav/xsim'
"xelab -wto f69fe80d0e8d42b58e981d50f069ac73 --incr --debug typical --relax --mt 2 -L xil_defaultlib -L unisims_ver -L unimacro_ver -L secureip --snapshot simReusable_behav xil_defaultlib.simReusable xil_defaultlib.glbl -log elaborate.log"
Vivado Simulator 2019.1
Copyright 1986-1999, 2001-2019 Xilinx, Inc. All Rights Reserved.
Running: C:/Xilinx/Vivado/2019.1/bin/unwrapped/win64.o/xelab.exe -wto f69fe80d0e8d42b58e981d50f069ac73 --incr --debug typical --relax --mt 2 -L xil_defaultlib -L unisims_ver -L unimacro_ver -L secureip --snapshot simReusable_behav xil_defaultlib.simReusable xil_defaultlib.glbl -log elaborate.log 
Using 2 slave threads.
Starting static elaboration
Completed static elaboration
INFO: [XSIM 43-4323] No Change in HDL. Linking previously generated obj files to create kernel
INFO: [USF-XSim-69] 'elaborate' step finished in '1' seconds
Vivado Simulator 2019.1
Time resolution is 1 ps
relaunch_sim: Time (s): cpu = 00:00:02 ; elapsed = 00:00:06 . Memory (MB): peak = 879.188 ; gain = 0.000
run all
relaunch_sim
INFO: [Vivado 12-5682] Launching behavioral simulation in 'C:/Users/Rahul/Google Drive/UCSC/year 2/Winter Quarter/CSE 100/Lab 7/project_1/project_1.sim/sim_1/behav/xsim'
INFO: [SIM-utils-51] Simulation object is 'sim_1'
INFO: [SIM-utils-54] Inspecting design source files for 'simReusable' in fileset 'sim_1'...
INFO: [USF-XSim-97] Finding global include files...
INFO: [USF-XSim-98] Fetching design files from 'sim_1'...
INFO: [USF-XSim-2] XSim::Compile design
INFO: [USF-XSim-61] Executing 'COMPILE and ANALYZE' step in 'C:/Users/Rahul/Google Drive/UCSC/year 2/Winter Quarter/CSE 100/Lab 7/project_1/project_1.sim/sim_1/behav/xsim'
"xvlog --incr --relax -prj simReusable_vlog.prj"
INFO: [USF-XSim-69] 'compile' step finished in '1' seconds
INFO: [Vivado 12-5682] Launching behavioral simulation in 'C:/Users/Rahul/Google Drive/UCSC/year 2/Winter Quarter/CSE 100/Lab 7/project_1/project_1.sim/sim_1/behav/xsim'
INFO: [USF-XSim-3] XSim::Elaborate design
INFO: [USF-XSim-61] Executing 'ELABORATE' step in 'C:/Users/Rahul/Google Drive/UCSC/year 2/Winter Quarter/CSE 100/Lab 7/project_1/project_1.sim/sim_1/behav/xsim'
"xelab -wto f69fe80d0e8d42b58e981d50f069ac73 --incr --debug typical --relax --mt 2 -L xil_defaultlib -L unisims_ver -L unimacro_ver -L secureip --snapshot simReusable_behav xil_defaultlib.simReusable xil_defaultlib.glbl -log elaborate.log"
Vivado Simulator 2019.1
Copyright 1986-1999, 2001-2019 Xilinx, Inc. All Rights Reserved.
Running: C:/Xilinx/Vivado/2019.1/bin/unwrapped/win64.o/xelab.exe -wto f69fe80d0e8d42b58e981d50f069ac73 --incr --debug typical --relax --mt 2 -L xil_defaultlib -L unisims_ver -L unimacro_ver -L secureip --snapshot simReusable_behav xil_defaultlib.simReusable xil_defaultlib.glbl -log elaborate.log 
Using 2 slave threads.
Starting static elaboration
Completed static elaboration
INFO: [XSIM 43-4323] No Change in HDL. Linking previously generated obj files to create kernel
INFO: [USF-XSim-69] 'elaborate' step finished in '1' seconds
Vivado Simulator 2019.1
Time resolution is 1 ps
relaunch_sim: Time (s): cpu = 00:00:02 ; elapsed = 00:00:06 . Memory (MB): peak = 879.188 ; gain = 0.000
run all
run: Time (s): cpu = 00:00:09 ; elapsed = 00:00:11 . Memory (MB): peak = 879.188 ; gain = 0.000
relaunch_sim
INFO: [Vivado 12-5682] Launching behavioral simulation in 'C:/Users/Rahul/Google Drive/UCSC/year 2/Winter Quarter/CSE 100/Lab 7/project_1/project_1.sim/sim_1/behav/xsim'
INFO: [SIM-utils-51] Simulation object is 'sim_1'
INFO: [SIM-utils-54] Inspecting design source files for 'simReusable' in fileset 'sim_1'...
INFO: [USF-XSim-97] Finding global include files...
INFO: [USF-XSim-98] Fetching design files from 'sim_1'...
INFO: [USF-XSim-2] XSim::Compile design
INFO: [USF-XSim-61] Executing 'COMPILE and ANALYZE' step in 'C:/Users/Rahul/Google Drive/UCSC/year 2/Winter Quarter/CSE 100/Lab 7/project_1/project_1.sim/sim_1/behav/xsim'
"xvlog --incr --relax -prj simReusable_vlog.prj"
INFO: [VRFC 10-2263] Analyzing Verilog file "C:/Users/Rahul/Google Drive/UCSC/year 2/Winter Quarter/CSE 100/Lab 7/project_1/project_1.srcs/sources_1/imports/new/countUD4L.v" into library xil_defaultlib
INFO: [VRFC 10-311] analyzing module countUD4L
INFO: [VRFC 10-2263] Analyzing Verilog file "C:/Users/Rahul/Google Drive/UCSC/year 2/Winter Quarter/CSE 100/Lab 7/project_1/project_1.srcs/sources_1/imports/new/counterUD16L.v" into library xil_defaultlib
INFO: [VRFC 10-311] analyzing module counterUD12L
INFO: [VRFC 10-2263] Analyzing Verilog file "C:/Users/Rahul/Google Drive/UCSC/year 2/Winter Quarter/CSE 100/Lab 7/project_1/project_1.srcs/sources_1/new/roadSegs.v" into library xil_defaultlib
INFO: [VRFC 10-311] analyzing module roadSegs
INFO: [VRFC 10-2263] Analyzing Verilog file "C:/Users/Rahul/Google Drive/UCSC/year 2/Winter Quarter/CSE 100/Lab 7/project_1/project_1.srcs/sim_1/new/simvga.v" into library xil_defaultlib
INFO: [VRFC 10-311] analyzing module simReusable
INFO: [USF-XSim-69] 'compile' step finished in '1' seconds
INFO: [Vivado 12-5682] Launching behavioral simulation in 'C:/Users/Rahul/Google Drive/UCSC/year 2/Winter Quarter/CSE 100/Lab 7/project_1/project_1.sim/sim_1/behav/xsim'
INFO: [USF-XSim-3] XSim::Elaborate design
INFO: [USF-XSim-61] Executing 'ELABORATE' step in 'C:/Users/Rahul/Google Drive/UCSC/year 2/Winter Quarter/CSE 100/Lab 7/project_1/project_1.sim/sim_1/behav/xsim'
"xelab -wto f69fe80d0e8d42b58e981d50f069ac73 --incr --debug typical --relax --mt 2 -L xil_defaultlib -L unisims_ver -L unimacro_ver -L secureip --snapshot simReusable_behav xil_defaultlib.simReusable xil_defaultlib.glbl -log elaborate.log"
Vivado Simulator 2019.1
Copyright 1986-1999, 2001-2019 Xilinx, Inc. All Rights Reserved.
Running: C:/Xilinx/Vivado/2019.1/bin/unwrapped/win64.o/xelab.exe -wto f69fe80d0e8d42b58e981d50f069ac73 --incr --debug typical --relax --mt 2 -L xil_defaultlib -L unisims_ver -L unimacro_ver -L secureip --snapshot simReusable_behav xil_defaultlib.simReusable xil_defaultlib.glbl -log elaborate.log 
Using 2 slave threads.
Starting static elaboration
Completed static elaboration
Starting simulation data flow analysis
Completed simulation data flow analysis
Time Resolution for simulation is 1ps
Compiling module unisims_ver.FDRE_default
Compiling module xil_defaultlib.countUD4L
Compiling module xil_defaultlib.counterUD12L
Compiling module xil_defaultlib.roadSegs
Compiling module xil_defaultlib.simReusable
Compiling module xil_defaultlib.glbl
Built simulation snapshot simReusable_behav
INFO: [USF-XSim-69] 'elaborate' step finished in '1' seconds
Vivado Simulator 2019.1
Time resolution is 1 ps
relaunch_sim: Time (s): cpu = 00:00:01 ; elapsed = 00:00:06 . Memory (MB): peak = 879.188 ; gain = 0.000
run all
run: Time (s): cpu = 00:00:02 ; elapsed = 00:00:06 . Memory (MB): peak = 879.188 ; gain = 0.000
relaunch_sim
INFO: [Vivado 12-5682] Launching behavioral simulation in 'C:/Users/Rahul/Google Drive/UCSC/year 2/Winter Quarter/CSE 100/Lab 7/project_1/project_1.sim/sim_1/behav/xsim'
INFO: [SIM-utils-51] Simulation object is 'sim_1'
INFO: [SIM-utils-54] Inspecting design source files for 'simReusable' in fileset 'sim_1'...
INFO: [USF-XSim-97] Finding global include files...
INFO: [USF-XSim-98] Fetching design files from 'sim_1'...
INFO: [USF-XSim-2] XSim::Compile design
INFO: [USF-XSim-61] Executing 'COMPILE and ANALYZE' step in 'C:/Users/Rahul/Google Drive/UCSC/year 2/Winter Quarter/CSE 100/Lab 7/project_1/project_1.sim/sim_1/behav/xsim'
"xvlog --incr --relax -prj simReusable_vlog.prj"
INFO: [VRFC 10-2263] Analyzing Verilog file "C:/Users/Rahul/Google Drive/UCSC/year 2/Winter Quarter/CSE 100/Lab 7/project_1/project_1.srcs/sources_1/imports/new/countUD4L.v" into library xil_defaultlib
INFO: [VRFC 10-311] analyzing module countUD4L
INFO: [VRFC 10-2263] Analyzing Verilog file "C:/Users/Rahul/Google Drive/UCSC/year 2/Winter Quarter/CSE 100/Lab 7/project_1/project_1.srcs/sources_1/imports/new/counterUD16L.v" into library xil_defaultlib
INFO: [VRFC 10-311] analyzing module counterUD12L
INFO: [VRFC 10-2263] Analyzing Verilog file "C:/Users/Rahul/Google Drive/UCSC/year 2/Winter Quarter/CSE 100/Lab 7/project_1/project_1.srcs/sources_1/new/roadSegs.v" into library xil_defaultlib
INFO: [VRFC 10-311] analyzing module roadSegs
INFO: [VRFC 10-2263] Analyzing Verilog file "C:/Users/Rahul/Google Drive/UCSC/year 2/Winter Quarter/CSE 100/Lab 7/project_1/project_1.srcs/sim_1/new/simvga.v" into library xil_defaultlib
INFO: [VRFC 10-311] analyzing module simReusable
INFO: [USF-XSim-69] 'compile' step finished in '1' seconds
INFO: [Vivado 12-5682] Launching behavioral simulation in 'C:/Users/Rahul/Google Drive/UCSC/year 2/Winter Quarter/CSE 100/Lab 7/project_1/project_1.sim/sim_1/behav/xsim'
INFO: [USF-XSim-3] XSim::Elaborate design
INFO: [USF-XSim-61] Executing 'ELABORATE' step in 'C:/Users/Rahul/Google Drive/UCSC/year 2/Winter Quarter/CSE 100/Lab 7/project_1/project_1.sim/sim_1/behav/xsim'
"xelab -wto f69fe80d0e8d42b58e981d50f069ac73 --incr --debug typical --relax --mt 2 -L xil_defaultlib -L unisims_ver -L unimacro_ver -L secureip --snapshot simReusable_behav xil_defaultlib.simReusable xil_defaultlib.glbl -log elaborate.log"
Vivado Simulator 2019.1
Copyright 1986-1999, 2001-2019 Xilinx, Inc. All Rights Reserved.
Running: C:/Xilinx/Vivado/2019.1/bin/unwrapped/win64.o/xelab.exe -wto f69fe80d0e8d42b58e981d50f069ac73 --incr --debug typical --relax --mt 2 -L xil_defaultlib -L unisims_ver -L unimacro_ver -L secureip --snapshot simReusable_behav xil_defaultlib.simReusable xil_defaultlib.glbl -log elaborate.log 
Using 2 slave threads.
Starting static elaboration
Completed static elaboration
Starting simulation data flow analysis
Completed simulation data flow analysis
Time Resolution for simulation is 1ps
Compiling module unisims_ver.FDRE_default
Compiling module xil_defaultlib.countUD4L
Compiling module xil_defaultlib.counterUD12L
Compiling module xil_defaultlib.roadSegs
Compiling module xil_defaultlib.simReusable
Compiling module xil_defaultlib.glbl
Built simulation snapshot simReusable_behav
INFO: [USF-XSim-69] 'elaborate' step finished in '3' seconds
Vivado Simulator 2019.1
Time resolution is 1 ps
relaunch_sim: Time (s): cpu = 00:00:02 ; elapsed = 00:00:08 . Memory (MB): peak = 879.188 ; gain = 0.000
run 100 ns
run 100 ns
run 100 ns
run 100 ns
run 100 ns
run 100 ns
run 100 ns
run all
close_sim
INFO: [Simtcl 6-16] Simulation closed
launch_simulation
INFO: [Vivado 12-5682] Launching behavioral simulation in 'C:/Users/Rahul/Google Drive/UCSC/year 2/Winter Quarter/CSE 100/Lab 7/project_1/project_1.sim/sim_1/behav/xsim'
INFO: [SIM-utils-51] Simulation object is 'sim_1'
INFO: [SIM-utils-54] Inspecting design source files for 'simReusable' in fileset 'sim_1'...
INFO: [USF-XSim-97] Finding global include files...
INFO: [USF-XSim-98] Fetching design files from 'sim_1'...
INFO: [USF-XSim-2] XSim::Compile design
INFO: [USF-XSim-61] Executing 'COMPILE and ANALYZE' step in 'C:/Users/Rahul/Google Drive/UCSC/year 2/Winter Quarter/CSE 100/Lab 7/project_1/project_1.sim/sim_1/behav/xsim'
"xvlog --incr --relax -prj simReusable_vlog.prj"
INFO: [VRFC 10-2263] Analyzing Verilog file "C:/Users/Rahul/Google Drive/UCSC/year 2/Winter Quarter/CSE 100/Lab 7/project_1/project_1.srcs/sources_1/imports/new/countUD4L.v" into library xil_defaultlib
INFO: [VRFC 10-311] analyzing module countUD4L
INFO: [VRFC 10-2263] Analyzing Verilog file "C:/Users/Rahul/Google Drive/UCSC/year 2/Winter Quarter/CSE 100/Lab 7/project_1/project_1.srcs/sources_1/imports/new/counterUD16L.v" into library xil_defaultlib
INFO: [VRFC 10-311] analyzing module counterUD12L
INFO: [VRFC 10-2263] Analyzing Verilog file "C:/Users/Rahul/Google Drive/UCSC/year 2/Winter Quarter/CSE 100/Lab 7/project_1/project_1.srcs/sources_1/new/roadSegs.v" into library xil_defaultlib
INFO: [VRFC 10-311] analyzing module roadSegs
INFO: [VRFC 10-2263] Analyzing Verilog file "C:/Users/Rahul/Google Drive/UCSC/year 2/Winter Quarter/CSE 100/Lab 7/project_1/project_1.srcs/sim_1/new/simvga.v" into library xil_defaultlib
INFO: [VRFC 10-311] analyzing module simReusable
ERROR: [VRFC 10-2989] 'decR' is not declared [C:/Users/Rahul/Google Drive/UCSC/year 2/Winter Quarter/CSE 100/Lab 7/project_1/project_1.srcs/sim_1/new/simvga.v:64]
ERROR: [VRFC 10-2865] module 'simReusable' ignored due to previous errors [C:/Users/Rahul/Google Drive/UCSC/year 2/Winter Quarter/CSE 100/Lab 7/project_1/project_1.srcs/sim_1/new/simvga.v:23]
INFO: [USF-XSim-69] 'compile' step finished in '2' seconds
INFO: [USF-XSim-99] Step results log file:'C:/Users/Rahul/Google Drive/UCSC/year 2/Winter Quarter/CSE 100/Lab 7/project_1/project_1.sim/sim_1/behav/xsim/xvlog.log'
ERROR: [USF-XSim-62] 'compile' step failed with error(s). Please check the Tcl console output or 'C:/Users/Rahul/Google Drive/UCSC/year 2/Winter Quarter/CSE 100/Lab 7/project_1/project_1.sim/sim_1/behav/xsim/xvlog.log' file for more information.
ERROR: [Vivado 12-4473] Detected error while running simulation. Please correct the issue and retry this operation.
ERROR: [Common 17-39] 'launch_simulation' failed due to earlier errors.
launch_simulation
INFO: [Vivado 12-5682] Launching behavioral simulation in 'C:/Users/Rahul/Google Drive/UCSC/year 2/Winter Quarter/CSE 100/Lab 7/project_1/project_1.sim/sim_1/behav/xsim'
INFO: [SIM-utils-51] Simulation object is 'sim_1'
INFO: [SIM-utils-54] Inspecting design source files for 'simReusable' in fileset 'sim_1'...
INFO: [USF-XSim-97] Finding global include files...
INFO: [USF-XSim-98] Fetching design files from 'sim_1'...
INFO: [USF-XSim-2] XSim::Compile design
INFO: [USF-XSim-61] Executing 'COMPILE and ANALYZE' step in 'C:/Users/Rahul/Google Drive/UCSC/year 2/Winter Quarter/CSE 100/Lab 7/project_1/project_1.sim/sim_1/behav/xsim'
"xvlog --incr --relax -prj simReusable_vlog.prj"
INFO: [VRFC 10-2263] Analyzing Verilog file "C:/Users/Rahul/Google Drive/UCSC/year 2/Winter Quarter/CSE 100/Lab 7/project_1/project_1.srcs/sources_1/imports/new/countUD4L.v" into library xil_defaultlib
INFO: [VRFC 10-311] analyzing module countUD4L
INFO: [VRFC 10-2263] Analyzing Verilog file "C:/Users/Rahul/Google Drive/UCSC/year 2/Winter Quarter/CSE 100/Lab 7/project_1/project_1.srcs/sources_1/imports/new/counterUD16L.v" into library xil_defaultlib
INFO: [VRFC 10-311] analyzing module counterUD12L
INFO: [VRFC 10-2263] Analyzing Verilog file "C:/Users/Rahul/Google Drive/UCSC/year 2/Winter Quarter/CSE 100/Lab 7/project_1/project_1.srcs/sources_1/new/roadSegs.v" into library xil_defaultlib
INFO: [VRFC 10-311] analyzing module roadSegs
INFO: [VRFC 10-2263] Analyzing Verilog file "C:/Users/Rahul/Google Drive/UCSC/year 2/Winter Quarter/CSE 100/Lab 7/project_1/project_1.srcs/sim_1/new/simvga.v" into library xil_defaultlib
INFO: [VRFC 10-311] analyzing module simReusable
ERROR: [VRFC 10-2989] 'decR' is not declared [C:/Users/Rahul/Google Drive/UCSC/year 2/Winter Quarter/CSE 100/Lab 7/project_1/project_1.srcs/sim_1/new/simvga.v:64]
ERROR: [VRFC 10-2865] module 'simReusable' ignored due to previous errors [C:/Users/Rahul/Google Drive/UCSC/year 2/Winter Quarter/CSE 100/Lab 7/project_1/project_1.srcs/sim_1/new/simvga.v:23]
INFO: [USF-XSim-69] 'compile' step finished in '1' seconds
INFO: [USF-XSim-99] Step results log file:'C:/Users/Rahul/Google Drive/UCSC/year 2/Winter Quarter/CSE 100/Lab 7/project_1/project_1.sim/sim_1/behav/xsim/xvlog.log'
ERROR: [USF-XSim-62] 'compile' step failed with error(s). Please check the Tcl console output or 'C:/Users/Rahul/Google Drive/UCSC/year 2/Winter Quarter/CSE 100/Lab 7/project_1/project_1.sim/sim_1/behav/xsim/xvlog.log' file for more information.
ERROR: [Vivado 12-4473] Detected error while running simulation. Please correct the issue and retry this operation.
ERROR: [Common 17-39] 'launch_simulation' failed due to earlier errors.
exit
INFO: [Common 17-206] Exiting Vivado at Wed Feb 26 21:38:17 2020...
